#
# There is insufficient memory for the Java Runtime Environment to continue.
# Native memory allocation (malloc) failed to allocate 393936 bytes. Error detail: Chunk::new
# Possible reasons:
#   The system is out of physical RAM or swap space
#   This process is running with CompressedOops enabled, and the Java Heap may be blocking the growth of the native heap
# Possible solutions:
#   Reduce memory load on the system
#   Increase physical memory or swap space
#   Check if swap backing store is full
#   Decrease Java heap size (-Xmx/-Xms)
#   Decrease number of Java threads
#   Decrease Java thread stack sizes (-Xss)
#   Set larger code cache with -XX:ReservedCodeCacheSize=
#   JVM is running with Zero Based Compressed Oops mode in which the Java heap is
#     placed in the first 32GB address space. The Java Heap base address is the
#     maximum limit for the native heap growth. Please use -XX:HeapBaseMinAddress
#     to set the Java Heap base and to place the Java Heap above 32GB virtual address.
# This output file may be truncated or incomplete.
#
#  Out of Memory Error (arena.cpp:191), pid=20008, tid=36580
#
# JRE version: OpenJDK Runtime Environment Microsoft-12574423 (17.0.17+10) (build 17.0.17+10-LTS)
# Java VM: OpenJDK 64-Bit Server VM Microsoft-12574423 (17.0.17+10-LTS, mixed mode, sharing, tiered, compressed oops, compressed class ptrs, g1 gc, windows-amd64)
# No core dump will be written. Minidumps are not enabled by default on client versions of Windows
#

---------------  S U M M A R Y ------------

Command Line: -XX:+ShowCodeDetailsInExceptionMessages com.hotel.backend.HotelBackendApplication

Host: 11th Gen Intel(R) Core(TM) i5-11400H @ 2.70GHz, 12 cores, 15G,  Windows 11 , 64 bit Build 22621 (10.0.22621.3958)
Time: Sat Jul  4 15:20:12 2026 SE Asia Standard Time elapsed time: 161.548809 seconds (0d 0h 2m 41s)

---------------  T H R E A D  ---------------

Current thread (0x0000021f7102b8c0):  JavaThread "C2 CompilerThread0" daemon [_thread_in_native, id=36580, stack(0x00000073f1b00000,0x00000073f1c00000)]


Current CompileTask:
C2:161549 12069   !   4       java.util.concurrent.ConcurrentHashMap::putVal (432 bytes)

Stack: [0x00000073f1b00000,0x00000073f1c00000]
Native frames: (J=compiled Java code, j=interpreted, Vv=VM code, C=native code)
V  [jvm.dll+0x68c459]  (no source info available)
V  [jvm.dll+0x845e09]  (no source info available)
V  [jvm.dll+0x847b78]  (no source info available)
V  [jvm.dll+0x848203]  (no source info available)
V  [jvm.dll+0x24cf6f]  (no source info available)
V  [jvm.dll+0xaecb6]  (no source info available)
V  [jvm.dll+0xaf35c]  (no source info available)
V  [jvm.dll+0x37152f]  (no source info available)
V  [jvm.dll+0x33b8d5]  (no source info available)
V  [jvm.dll+0x33ad3a]  (no source info available)
V  [jvm.dll+0x21df29]  (no source info available)
V  [jvm.dll+0x21d36d]  (no source info available)
V  [jvm.dll+0x1a8ce6]  (no source info available)
V  [jvm.dll+0x22db1b]  (no source info available)
V  [jvm.dll+0x22bca6]  (no source info available)
V  [jvm.dll+0x7fb65b]  (no source info available)
V  [jvm.dll+0x7f5a5c]  (no source info available)
V  [jvm.dll+0x68d9f7]  (no source info available)
C  [ucrtbase.dll+0x29333]  (no source info available)
C  [KERNEL32.DLL+0x1257d]  (no source info available)
C  [ntdll.dll+0x5af08]  (no source info available)


---------------  P R O C E S S  ---------------

Threads class SMR info:
_java_thread_list=0x0000021f7951fbe0, length=31, elements={
0x0000021f71009d00, 0x0000021f7100a8c0, 0x0000021f710277c0, 0x0000021f71028290,
0x0000021f7102a160, 0x0000021f7102ab20, 0x0000021f7102b8c0, 0x0000021f71042000,
0x0000021f71066940, 0x0000021f711965e0, 0x0000021f7119eb70, 0x0000021f77f9d2b0,
0x0000021f77f9c890, 0x0000021f77f9be70, 0x0000021f77f9e1e0, 0x0000021f77f9cda0,
0x0000021f7cc16a20, 0x0000021f7cc17440, 0x0000021f7cc17950, 0x0000021f7cc192a0,
0x0000021f7cc1c030, 0x0000021f7cc17e60, 0x0000021f7cc16f30, 0x0000021f7cc18880,
0x0000021f7cc19cc0, 0x0000021f7cc18370, 0x0000021f7cc18d90, 0x0000021f7cc14bc0,
0x0000021f7cc197b0, 0x0000021f7cc150d0, 0x0000021f7cc1a1d0
}

Java Threads: ( => current thread )
  0x0000021f71009d00 JavaThread "Reference Handler" daemon [_thread_blocked, id=30168, stack(0x00000073f1500000,0x00000073f1600000)]
  0x0000021f7100a8c0 JavaThread "Finalizer" daemon [_thread_blocked, id=40560, stack(0x00000073f1600000,0x00000073f1700000)]
  0x0000021f710277c0 JavaThread "Signal Dispatcher" daemon [_thread_blocked, id=9264, stack(0x00000073f1700000,0x00000073f1800000)]
  0x0000021f71028290 JavaThread "Attach Listener" daemon [_thread_blocked, id=36532, stack(0x00000073f1800000,0x00000073f1900000)]
  0x0000021f7102a160 JavaThread "Service Thread" daemon [_thread_blocked, id=35152, stack(0x00000073f1900000,0x00000073f1a00000)]
  0x0000021f7102ab20 JavaThread "Monitor Deflation Thread" daemon [_thread_blocked, id=34588, stack(0x00000073f1a00000,0x00000073f1b00000)]
=>0x0000021f7102b8c0 JavaThread "C2 CompilerThread0" daemon [_thread_in_native, id=36580, stack(0x00000073f1b00000,0x00000073f1c00000)]
  0x0000021f71042000 JavaThread "C1 CompilerThread0" daemon [_thread_blocked, id=17748, stack(0x00000073f1c00000,0x00000073f1d00000)]
  0x0000021f71066940 JavaThread "Sweeper thread" daemon [_thread_blocked, id=34808, stack(0x00000073f1d00000,0x00000073f1e00000)]
  0x0000021f711965e0 JavaThread "Notification Thread" daemon [_thread_blocked, id=41904, stack(0x00000073f1e00000,0x00000073f1f00000)]
  0x0000021f7119eb70 JavaThread "Common-Cleaner" daemon [_thread_blocked, id=38704, stack(0x00000073f2000000,0x00000073f2100000)]
  0x0000021f77f9d2b0 JavaThread "mysql-cj-abandoned-connection-cleanup" daemon [_thread_blocked, id=49512, stack(0x00000073f2e00000,0x00000073f2f00000)]
  0x0000021f77f9c890 JavaThread "HikariPool-1 housekeeper" daemon [_thread_blocked, id=12856, stack(0x00000073f3000000,0x00000073f3100000)]
  0x0000021f77f9be70 JavaThread "Catalina-utility-1" [_thread_blocked, id=12600, stack(0x00000073f3200000,0x00000073f3300000)]
  0x0000021f77f9e1e0 JavaThread "Catalina-utility-2" [_thread_blocked, id=35660, stack(0x00000073f3300000,0x00000073f3400000)]
  0x0000021f77f9cda0 JavaThread "container-0" [_thread_blocked, id=22896, stack(0x00000073f3400000,0x00000073f3500000)]
  0x0000021f7cc16a20 JavaThread "MessageBroker-1" [_thread_blocked, id=31256, stack(0x00000073f3c00000,0x00000073f3d00000)]
  0x0000021f7cc17440 JavaThread "http-nio-8080-exec-1" daemon [_thread_blocked, id=36236, stack(0x00000073f3d00000,0x00000073f3e00000)]
  0x0000021f7cc17950 JavaThread "http-nio-8080-exec-2" daemon [_thread_blocked, id=22912, stack(0x00000073f3e00000,0x00000073f3f00000)]
  0x0000021f7cc192a0 JavaThread "http-nio-8080-exec-3" daemon [_thread_blocked, id=29556, stack(0x00000073f3f00000,0x00000073f4000000)]
  0x0000021f7cc1c030 JavaThread "http-nio-8080-exec-4" daemon [_thread_blocked, id=20408, stack(0x00000073f4000000,0x00000073f4100000)]
  0x0000021f7cc17e60 JavaThread "http-nio-8080-exec-5" daemon [_thread_blocked, id=29592, stack(0x00000073f4100000,0x00000073f4200000)]
  0x0000021f7cc16f30 JavaThread "http-nio-8080-exec-6" daemon [_thread_blocked, id=32208, stack(0x00000073f4200000,0x00000073f4300000)]
  0x0000021f7cc18880 JavaThread "http-nio-8080-exec-7" daemon [_thread_blocked, id=47308, stack(0x00000073f4300000,0x00000073f4400000)]
  0x0000021f7cc19cc0 JavaThread "http-nio-8080-exec-8" daemon [_thread_blocked, id=34628, stack(0x00000073f4400000,0x00000073f4500000)]
  0x0000021f7cc18370 JavaThread "http-nio-8080-exec-9" daemon [_thread_blocked, id=35196, stack(0x00000073f4500000,0x00000073f4600000)]
  0x0000021f7cc18d90 JavaThread "http-nio-8080-exec-10" daemon [_thread_blocked, id=5716, stack(0x00000073f4600000,0x00000073f4700000)]
  0x0000021f7cc14bc0 JavaThread "http-nio-8080-Poller" daemon [_thread_in_native, id=33504, stack(0x00000073f4700000,0x00000073f4800000)]
  0x0000021f7cc197b0 JavaThread "http-nio-8080-Acceptor" daemon [_thread_in_native, id=45860, stack(0x00000073f4800000,0x00000073f4900000)]
  0x0000021f7cc150d0 JavaThread "DestroyJavaVM" [_thread_blocked, id=29688, stack(0x00000073f0e00000,0x00000073f0f00000)]
  0x0000021f7cc1a1d0 JavaThread "MessageBroker-2" [_thread_blocked, id=32752, stack(0x00000073f0b00000,0x00000073f0c00000)]

Other Threads:
  0x0000021f2fb6ec50 VMThread "VM Thread" [stack: 0x00000073f1400000,0x00000073f1500000] [id=34784]
  0x0000021f71196ed0 WatcherThread [stack: 0x00000073f1f00000,0x00000073f2000000] [id=34484]
  0x0000021f0c9d6730 GCTaskThread "GC Thread#0" [stack: 0x00000073f0f00000,0x00000073f1000000] [id=34152]
  0x0000021f714598a0 GCTaskThread "GC Thread#1" [stack: 0x00000073f2300000,0x00000073f2400000] [id=32452]
  0x0000021f71458220 GCTaskThread "GC Thread#2" [stack: 0x00000073f2400000,0x00000073f2500000] [id=34636]
  0x0000021f714584f0 GCTaskThread "GC Thread#3" [stack: 0x00000073f2500000,0x00000073f2600000] [id=33060]
  0x0000021f714587c0 GCTaskThread "GC Thread#4" [stack: 0x00000073f2600000,0x00000073f2700000] [id=42472]
  0x0000021f71459030 GCTaskThread "GC Thread#5" [stack: 0x00000073f2700000,0x00000073f2800000] [id=15404]
  0x0000021f71458d60 GCTaskThread "GC Thread#6" [stack: 0x00000073f2900000,0x00000073f2a00000] [id=42236]
  0x0000021f714595d0 GCTaskThread "GC Thread#7" [stack: 0x00000073f2a00000,0x00000073f2b00000] [id=46876]
  0x0000021f71457f50 GCTaskThread "GC Thread#8" [stack: 0x00000073f2800000,0x00000073f2900000] [id=27556]
  0x0000021f77245be0 GCTaskThread "GC Thread#9" [stack: 0x00000073f2b00000,0x00000073f2c00000] [id=28588]
  0x0000021f0c9e7290 ConcurrentGCThread "G1 Main Marker" [stack: 0x00000073f1000000,0x00000073f1100000] [id=25296]
  0x0000021f0c9e8450 ConcurrentGCThread "G1 Conc#0" [stack: 0x00000073f1100000,0x00000073f1200000] [id=31568]
  0x0000021f77243fc0 ConcurrentGCThread "G1 Conc#1" [stack: 0x00000073f2c00000,0x00000073f2d00000] [id=17152]
  0x0000021f77245370 ConcurrentGCThread "G1 Conc#2" [stack: 0x00000073f2d00000,0x00000073f2e00000] [id=43400]
  0x0000021f0ca0ea90 ConcurrentGCThread "G1 Refine#0" [stack: 0x00000073f1200000,0x00000073f1300000] [id=31080]
  0x0000021f76f96280 ConcurrentGCThread "G1 Refine#1" [stack: 0x00000073f3500000,0x00000073f3600000] [id=35020]
  0x0000021f76f96b80 ConcurrentGCThread "G1 Refine#2" [stack: 0x00000073f3600000,0x00000073f3700000] [id=35596]
  0x0000021f76f95980 ConcurrentGCThread "G1 Refine#3" [stack: 0x00000073f3700000,0x00000073f3800000] [id=27264]
  0x0000021f76f95080 ConcurrentGCThread "G1 Refine#4" [stack: 0x00000073f3800000,0x00000073f3900000] [id=32908]
  0x0000021f77102bf0 ConcurrentGCThread "G1 Refine#5" [stack: 0x00000073f3900000,0x00000073f3a00000] [id=37788]
  0x0000021f771031f0 ConcurrentGCThread "G1 Refine#6" [stack: 0x00000073f3a00000,0x00000073f3b00000] [id=41564]
  0x0000021f771034f0 ConcurrentGCThread "G1 Refine#7" [stack: 0x00000073f3b00000,0x00000073f3c00000] [id=50004]
  0x0000021f2fa2e7e0 ConcurrentGCThread "G1 Service" [stack: 0x00000073f1300000,0x00000073f1400000] [id=42960]

Threads with active compile tasks:
C2 CompilerThread0  161589 12069   !   4       java.util.concurrent.ConcurrentHashMap::putVal (432 bytes)

VM state: not at safepoint (normal execution)

VM Mutex/Monitor currently owned by a thread: None

Heap address: 0x0000000704000000, size: 4032 MB, Compressed Oops mode: Zero based, Oop shift amount: 3

CDS archive(s) mapped at: [0x0000021f30000000-0x0000021f30bb0000-0x0000021f30bb0000), size 12255232, SharedBaseAddress: 0x0000021f30000000, ArchiveRelocationMode: 1.
Compressed class space mapped at: 0x0000021f31000000-0x0000021f71000000, reserved size: 1073741824
Narrow klass base: 0x0000021f30000000, Narrow klass shift: 0, Narrow klass range: 0x100000000

GC Precious Log:
 CPUs: 12 total, 12 available
 Memory: 16121M
 Large Page Support: Disabled
 NUMA Support: Disabled
 Compressed Oops: Enabled (Zero based)
 Heap Region Size: 2M
 Heap Min Capacity: 8M
 Heap Initial Capacity: 252M
 Heap Max Capacity: 4032M
 Pre-touch: Disabled
 Parallel Workers: 10
 Concurrent Workers: 3
 Concurrent Refinement Workers: 10
 Periodic GC: Disabled

Heap:
 garbage-first heap   total 485376K, used 295509K [0x0000000704000000, 0x0000000800000000)
  region size 2048K, 100 young (204800K), 2 survivors (4096K)
 Metaspace       used 83350K, committed 84096K, reserved 1179648K
  class space    used 11300K, committed 11648K, reserved 1048576K

Heap Regions: E=young(eden), S=young(survivor), O=old, HS=humongous(starts), HC=humongous(continues), CS=collection set, F=free, OA=open archive, CA=closed archive, TAMS=top-at-mark-start (previous, next)
|   0|0x0000000704000000, 0x0000000704200000, 0x0000000704200000|100%| O|  |TAMS 0x0000000704200000, 0x0000000704000000| Untracked 
|   1|0x0000000704200000, 0x0000000704400000, 0x0000000704400000|100%| O|  |TAMS 0x0000000704400000, 0x0000000704200000| Untracked 
|   2|0x0000000704400000, 0x0000000704600000, 0x0000000704600000|100%| O|  |TAMS 0x0000000704600000, 0x0000000704400000| Untracked 
|   3|0x0000000704600000, 0x000000070479c400, 0x0000000704800000| 80%| O|  |TAMS 0x000000070479c400, 0x0000000704600000| Untracked 
|   4|0x0000000704800000, 0x0000000704a00000, 0x0000000704a00000|100%| O|  |TAMS 0x0000000704a00000, 0x0000000704800000| Untracked 
|   5|0x0000000704a00000, 0x0000000704c00000, 0x0000000704c00000|100%| O|  |TAMS 0x0000000704c00000, 0x0000000704a00000| Untracked 
|   6|0x0000000704c00000, 0x0000000704e00000, 0x0000000704e00000|100%| O|  |TAMS 0x0000000704e00000, 0x0000000704c00000| Untracked 
|   7|0x0000000704e00000, 0x0000000705000000, 0x0000000705000000|100%| O|  |TAMS 0x0000000705000000, 0x0000000704e00000| Untracked 
|   8|0x0000000705000000, 0x0000000705200000, 0x0000000705200000|100%| O|  |TAMS 0x0000000705200000, 0x0000000705000000| Untracked 
|   9|0x0000000705200000, 0x00000007053a0c00, 0x0000000705400000| 81%| O|  |TAMS 0x00000007053a0c00, 0x0000000705200000| Untracked 
|  10|0x0000000705400000, 0x0000000705600000, 0x0000000705600000|100%| O|  |TAMS 0x0000000705600000, 0x0000000705400000| Untracked 
|  11|0x0000000705600000, 0x0000000705800000, 0x0000000705800000|100%| O|  |TAMS 0x0000000705800000, 0x0000000705600000| Untracked 
|  12|0x0000000705800000, 0x0000000705a00000, 0x0000000705a00000|100%| O|  |TAMS 0x0000000705a00000, 0x0000000705800000| Untracked 
|  13|0x0000000705a00000, 0x0000000705c00000, 0x0000000705c00000|100%| O|  |TAMS 0x0000000705c00000, 0x0000000705a00000| Untracked 
|  14|0x0000000705c00000, 0x0000000705e00000, 0x0000000705e00000|100%| O|  |TAMS 0x0000000705e00000, 0x0000000705c00000| Untracked 
|  15|0x0000000705e00000, 0x0000000706000000, 0x0000000706000000|100%| O|  |TAMS 0x0000000706000000, 0x0000000705e00000| Untracked 
|  16|0x0000000706000000, 0x0000000706200000, 0x0000000706200000|100%| O|  |TAMS 0x0000000706200000, 0x0000000706000000| Untracked 
|  17|0x0000000706200000, 0x0000000706200000, 0x0000000706400000|  0%| F|  |TAMS 0x0000000706200000, 0x0000000706200000| Untracked 
|  18|0x0000000706400000, 0x0000000706400000, 0x0000000706600000|  0%| F|  |TAMS 0x0000000706400000, 0x0000000706400000| Untracked 
|  19|0x0000000706600000, 0x0000000706600000, 0x0000000706800000|  0%| F|  |TAMS 0x0000000706600000, 0x0000000706600000| Untracked 
|  20|0x0000000706800000, 0x0000000706800000, 0x0000000706a00000|  0%| F|  |TAMS 0x0000000706800000, 0x0000000706800000| Untracked 
|  21|0x0000000706a00000, 0x0000000706a00000, 0x0000000706c00000|  0%| F|  |TAMS 0x0000000706a00000, 0x0000000706a00000| Untracked 
|  22|0x0000000706c00000, 0x0000000706c00000, 0x0000000706e00000|  0%| F|  |TAMS 0x0000000706c00000, 0x0000000706c00000| Untracked 
|  23|0x0000000706e00000, 0x0000000707000000, 0x0000000707000000|100%| O|  |TAMS 0x0000000706e00000, 0x0000000706e00000| Untracked 
|  24|0x0000000707000000, 0x0000000707200000, 0x0000000707200000|100%| O|  |TAMS 0x0000000707200000, 0x0000000707000000| Untracked 
|  25|0x0000000707200000, 0x0000000707400000, 0x0000000707400000|100%| O|  |TAMS 0x0000000707400000, 0x0000000707200000| Untracked 
|  26|0x0000000707400000, 0x0000000707400000, 0x0000000707600000|  0%| F|  |TAMS 0x0000000707400000, 0x0000000707400000| Untracked 
|  27|0x0000000707600000, 0x0000000707800000, 0x0000000707800000|100%| O|  |TAMS 0x0000000707800000, 0x0000000707600000| Untracked 
|  28|0x0000000707800000, 0x0000000707a00000, 0x0000000707a00000|100%| O|  |TAMS 0x0000000707a00000, 0x0000000707800000| Untracked 
|  29|0x0000000707a00000, 0x0000000707c00000, 0x0000000707c00000|100%| O|  |TAMS 0x0000000707c00000, 0x0000000707a00000| Untracked 
|  30|0x0000000707c00000, 0x0000000707e00000, 0x0000000707e00000|100%| O|  |TAMS 0x0000000707e00000, 0x0000000707c00000| Untracked 
|  31|0x0000000707e00000, 0x0000000708000000, 0x0000000708000000|100%| O|  |TAMS 0x0000000708000000, 0x0000000707e00000| Untracked 
|  32|0x0000000708000000, 0x0000000708200000, 0x0000000708200000|100%| O|  |TAMS 0x0000000708200000, 0x0000000708000000| Untracked 
|  33|0x0000000708200000, 0x0000000708400000, 0x0000000708400000|100%| O|  |TAMS 0x0000000708400000, 0x0000000708200000| Untracked 
|  34|0x0000000708400000, 0x0000000708600000, 0x0000000708600000|100%| O|  |TAMS 0x0000000708600000, 0x0000000708400000| Untracked 
|  35|0x0000000708600000, 0x0000000708800000, 0x0000000708800000|100%| O|  |TAMS 0x0000000708800000, 0x0000000708600000| Untracked 
|  36|0x0000000708800000, 0x0000000708a00000, 0x0000000708a00000|100%| O|  |TAMS 0x0000000708a00000, 0x0000000708800000| Untracked 
|  37|0x0000000708a00000, 0x0000000708c00000, 0x0000000708c00000|100%| O|  |TAMS 0x0000000708c00000, 0x0000000708a00000| Untracked 
|  38|0x0000000708c00000, 0x0000000708e00000, 0x0000000708e00000|100%| O|  |TAMS 0x0000000708e00000, 0x0000000708c00000| Untracked 
|  39|0x0000000708e00000, 0x0000000709000000, 0x0000000709000000|100%| O|  |TAMS 0x0000000709000000, 0x0000000708e00000| Untracked 
|  40|0x0000000709000000, 0x0000000709138000, 0x0000000709200000| 60%| O|  |TAMS 0x0000000709000000, 0x0000000709000000| Untracked 
|  41|0x0000000709200000, 0x0000000709400000, 0x0000000709400000|100%| O|  |TAMS 0x0000000709400000, 0x0000000709200000| Untracked 
|  42|0x0000000709400000, 0x0000000709600000, 0x0000000709600000|100%| O|  |TAMS 0x0000000709600000, 0x0000000709400000| Untracked 
|  43|0x0000000709600000, 0x0000000709800000, 0x0000000709800000|100%| O|  |TAMS 0x0000000709800000, 0x0000000709600000| Untracked 
|  44|0x0000000709800000, 0x0000000709a00000, 0x0000000709a00000|100%| O|  |TAMS 0x0000000709a00000, 0x0000000709800000| Untracked 
|  45|0x0000000709a00000, 0x0000000709c00000, 0x0000000709c00000|100%| O|  |TAMS 0x0000000709c00000, 0x0000000709a00000| Untracked 
|  46|0x0000000709c00000, 0x0000000709e00000, 0x0000000709e00000|100%| O|  |TAMS 0x0000000709e00000, 0x0000000709c00000| Untracked 
|  47|0x0000000709e00000, 0x000000070a000000, 0x000000070a000000|100%| O|  |TAMS 0x000000070a000000, 0x0000000709e00000| Untracked 
|  48|0x000000070a000000, 0x000000070a200000, 0x000000070a200000|100%| O|  |TAMS 0x000000070a200000, 0x000000070a000000| Untracked 
|  49|0x000000070a200000, 0x000000070a400000, 0x000000070a400000|100%| O|  |TAMS 0x000000070a24aa00, 0x000000070a200000| Untracked 
|  50|0x000000070a400000, 0x000000070a600000, 0x000000070a600000|100%| O|  |TAMS 0x000000070a400000, 0x000000070a400000| Untracked 
|  51|0x000000070a600000, 0x000000070a800000, 0x000000070a800000|100%| O|  |TAMS 0x000000070a600000, 0x000000070a600000| Untracked 
|  52|0x000000070a800000, 0x000000070aa00000, 0x000000070aa00000|100%| O|  |TAMS 0x000000070a800000, 0x000000070a800000| Untracked 
|  53|0x000000070aa00000, 0x000000070ac00000, 0x000000070ac00000|100%| O|  |TAMS 0x000000070aa00000, 0x000000070aa00000| Untracked 
|  54|0x000000070ac00000, 0x000000070ac00000, 0x000000070ae00000|  0%| F|  |TAMS 0x000000070ac00000, 0x000000070ac00000| Untracked 
|  55|0x000000070ae00000, 0x000000070ae00000, 0x000000070b000000|  0%| F|  |TAMS 0x000000070ae00000, 0x000000070ae00000| Untracked 
|  56|0x000000070b000000, 0x000000070b000000, 0x000000070b200000|  0%| F|  |TAMS 0x000000070b000000, 0x000000070b000000| Untracked 
|  57|0x000000070b200000, 0x000000070b200000, 0x000000070b400000|  0%| F|  |TAMS 0x000000070b200000, 0x000000070b200000| Untracked 
|  58|0x000000070b400000, 0x000000070b400000, 0x000000070b600000|  0%| F|  |TAMS 0x000000070b400000, 0x000000070b400000| Untracked 
|  59|0x000000070b600000, 0x000000070b600000, 0x000000070b800000|  0%| F|  |TAMS 0x000000070b600000, 0x000000070b600000| Untracked 
|  60|0x000000070b800000, 0x000000070b800000, 0x000000070ba00000|  0%| F|  |TAMS 0x000000070b800000, 0x000000070b800000| Untracked 
|  61|0x000000070ba00000, 0x000000070ba00000, 0x000000070bc00000|  0%| F|  |TAMS 0x000000070ba00000, 0x000000070ba00000| Untracked 
|  62|0x000000070bc00000, 0x000000070bc00000, 0x000000070be00000|  0%| F|  |TAMS 0x000000070bc00000, 0x000000070bc00000| Untracked 
|  63|0x000000070be00000, 0x000000070be00000, 0x000000070c000000|  0%| F|  |TAMS 0x000000070be00000, 0x000000070be00000| Untracked 
|  64|0x000000070c000000, 0x000000070c000000, 0x000000070c200000|  0%| F|  |TAMS 0x000000070c000000, 0x000000070c000000| Untracked 
|  65|0x000000070c200000, 0x000000070c200000, 0x000000070c400000|  0%| F|  |TAMS 0x000000070c200000, 0x000000070c200000| Untracked 
|  66|0x000000070c400000, 0x000000070c400000, 0x000000070c600000|  0%| F|  |TAMS 0x000000070c400000, 0x000000070c400000| Untracked 
|  67|0x000000070c600000, 0x000000070c600000, 0x000000070c800000|  0%| F|  |TAMS 0x000000070c600000, 0x000000070c600000| Untracked 
|  68|0x000000070c800000, 0x000000070c800000, 0x000000070ca00000|  0%| F|  |TAMS 0x000000070c800000, 0x000000070c800000| Untracked 
|  69|0x000000070ca00000, 0x000000070ca00000, 0x000000070cc00000|  0%| F|  |TAMS 0x000000070ca00000, 0x000000070ca00000| Untracked 
|  70|0x000000070cc00000, 0x000000070cc00000, 0x000000070ce00000|  0%| F|  |TAMS 0x000000070cc00000, 0x000000070cc00000| Untracked 
|  71|0x000000070ce00000, 0x000000070ce00000, 0x000000070d000000|  0%| F|  |TAMS 0x000000070ce00000, 0x000000070ce00000| Untracked 
|  72|0x000000070d000000, 0x000000070d000000, 0x000000070d200000|  0%| F|  |TAMS 0x000000070d000000, 0x000000070d000000| Untracked 
|  73|0x000000070d200000, 0x000000070d200000, 0x000000070d400000|  0%| F|  |TAMS 0x000000070d200000, 0x000000070d200000| Untracked 
|  74|0x000000070d400000, 0x000000070d400000, 0x000000070d600000|  0%| F|  |TAMS 0x000000070d400000, 0x000000070d400000| Untracked 
|  75|0x000000070d600000, 0x000000070d600000, 0x000000070d800000|  0%| F|  |TAMS 0x000000070d600000, 0x000000070d600000| Untracked 
|  76|0x000000070d800000, 0x000000070d800000, 0x000000070da00000|  0%| F|  |TAMS 0x000000070d800000, 0x000000070d800000| Untracked 
|  77|0x000000070da00000, 0x000000070da20670, 0x000000070dc00000|  6%| S|CS|TAMS 0x000000070da00000, 0x000000070da00000| Complete 
|  78|0x000000070dc00000, 0x000000070de00000, 0x000000070de00000|100%| S|CS|TAMS 0x000000070dc00000, 0x000000070dc00000| Complete 
|  79|0x000000070de00000, 0x000000070de00000, 0x000000070e000000|  0%| F|  |TAMS 0x000000070de00000, 0x000000070de00000| Untracked 
|  80|0x000000070e000000, 0x000000070e000000, 0x000000070e200000|  0%| F|  |TAMS 0x000000070e000000, 0x000000070e000000| Untracked 
|  81|0x000000070e200000, 0x000000070e200000, 0x000000070e400000|  0%| F|  |TAMS 0x000000070e200000, 0x000000070e200000| Untracked 
|  82|0x000000070e400000, 0x000000070e400000, 0x000000070e600000|  0%| F|  |TAMS 0x000000070e400000, 0x000000070e400000| Untracked 
|  83|0x000000070e600000, 0x000000070e600000, 0x000000070e800000|  0%| F|  |TAMS 0x000000070e600000, 0x000000070e600000| Untracked 
|  84|0x000000070e800000, 0x000000070e800000, 0x000000070ea00000|  0%| F|  |TAMS 0x000000070e800000, 0x000000070e800000| Untracked 
|  85|0x000000070ea00000, 0x000000070ea00000, 0x000000070ec00000|  0%| F|  |TAMS 0x000000070ea00000, 0x000000070ea00000| Untracked 
|  86|0x000000070ec00000, 0x000000070ec00000, 0x000000070ee00000|  0%| F|  |TAMS 0x000000070ec00000, 0x000000070ec00000| Untracked 
|  87|0x000000070ee00000, 0x000000070ee00000, 0x000000070f000000|  0%| F|  |TAMS 0x000000070ee00000, 0x000000070ee00000| Untracked 
|  88|0x000000070f000000, 0x000000070f000000, 0x000000070f200000|  0%| F|  |TAMS 0x000000070f000000, 0x000000070f000000| Untracked 
|  89|0x000000070f200000, 0x000000070f200000, 0x000000070f400000|  0%| F|  |TAMS 0x000000070f200000, 0x000000070f200000| Untracked 
|  90|0x000000070f400000, 0x000000070f400000, 0x000000070f600000|  0%| F|  |TAMS 0x000000070f400000, 0x000000070f400000| Untracked 
|  91|0x000000070f600000, 0x000000070f600000, 0x000000070f800000|  0%| F|  |TAMS 0x000000070f600000, 0x000000070f600000| Untracked 
|  92|0x000000070f800000, 0x000000070f800000, 0x000000070fa00000|  0%| F|  |TAMS 0x000000070f800000, 0x000000070f800000| Untracked 
|  93|0x000000070fa00000, 0x000000070fa00000, 0x000000070fc00000|  0%| F|  |TAMS 0x000000070fa00000, 0x000000070fa00000| Untracked 
|  94|0x000000070fc00000, 0x000000070fc00000, 0x000000070fe00000|  0%| F|  |TAMS 0x000000070fc00000, 0x000000070fc00000| Untracked 
|  95|0x000000070fe00000, 0x000000070fe00000, 0x0000000710000000|  0%| F|  |TAMS 0x000000070fe00000, 0x000000070fe00000| Untracked 
|  96|0x0000000710000000, 0x0000000710000000, 0x0000000710200000|  0%| F|  |TAMS 0x0000000710000000, 0x0000000710000000| Untracked 
|  97|0x0000000710200000, 0x0000000710200000, 0x0000000710400000|  0%| F|  |TAMS 0x0000000710200000, 0x0000000710200000| Untracked 
|  98|0x0000000710400000, 0x0000000710400000, 0x0000000710600000|  0%| F|  |TAMS 0x0000000710400000, 0x0000000710400000| Untracked 
|  99|0x0000000710600000, 0x0000000710600000, 0x0000000710800000|  0%| F|  |TAMS 0x0000000710600000, 0x0000000710600000| Untracked 
| 100|0x0000000710800000, 0x0000000710800000, 0x0000000710a00000|  0%| F|  |TAMS 0x0000000710800000, 0x0000000710800000| Untracked 
| 101|0x0000000710a00000, 0x0000000710a00000, 0x0000000710c00000|  0%| F|  |TAMS 0x0000000710a00000, 0x0000000710a00000| Untracked 
| 102|0x0000000710c00000, 0x0000000710c00000, 0x0000000710e00000|  0%| F|  |TAMS 0x0000000710c00000, 0x0000000710c00000| Untracked 
| 103|0x0000000710e00000, 0x0000000710e00000, 0x0000000711000000|  0%| F|  |TAMS 0x0000000710e00000, 0x0000000710e00000| Untracked 
| 104|0x0000000711000000, 0x0000000711000000, 0x0000000711200000|  0%| F|  |TAMS 0x0000000711000000, 0x0000000711000000| Untracked 
| 105|0x0000000711200000, 0x0000000711200000, 0x0000000711400000|  0%| F|  |TAMS 0x0000000711200000, 0x0000000711200000| Untracked 
| 106|0x0000000711400000, 0x0000000711400000, 0x0000000711600000|  0%| F|  |TAMS 0x0000000711400000, 0x0000000711400000| Untracked 
| 107|0x0000000711600000, 0x0000000711600000, 0x0000000711800000|  0%| F|  |TAMS 0x0000000711600000, 0x0000000711600000| Untracked 
| 108|0x0000000711800000, 0x0000000711800000, 0x0000000711a00000|  0%| F|  |TAMS 0x0000000711800000, 0x0000000711800000| Untracked 
| 109|0x0000000711a00000, 0x0000000711a00000, 0x0000000711c00000|  0%| F|  |TAMS 0x0000000711a00000, 0x0000000711a00000| Untracked 
| 110|0x0000000711c00000, 0x0000000711c00000, 0x0000000711e00000|  0%| F|  |TAMS 0x0000000711c00000, 0x0000000711c00000| Untracked 
| 111|0x0000000711e00000, 0x0000000711e00000, 0x0000000712000000|  0%| F|  |TAMS 0x0000000711e00000, 0x0000000711e00000| Untracked 
| 112|0x0000000712000000, 0x0000000712000000, 0x0000000712200000|  0%| F|  |TAMS 0x0000000712000000, 0x0000000712000000| Untracked 
| 113|0x0000000712200000, 0x0000000712200000, 0x0000000712400000|  0%| F|  |TAMS 0x0000000712200000, 0x0000000712200000| Untracked 
| 114|0x0000000712400000, 0x0000000712400000, 0x0000000712600000|  0%| F|  |TAMS 0x0000000712400000, 0x0000000712400000| Untracked 
| 115|0x0000000712600000, 0x0000000712600000, 0x0000000712800000|  0%| F|  |TAMS 0x0000000712600000, 0x0000000712600000| Untracked 
| 116|0x0000000712800000, 0x0000000712800000, 0x0000000712a00000|  0%| F|  |TAMS 0x0000000712800000, 0x0000000712800000| Untracked 
| 117|0x0000000712a00000, 0x0000000712a00000, 0x0000000712c00000|  0%| F|  |TAMS 0x0000000712a00000, 0x0000000712a00000| Untracked 
| 118|0x0000000712c00000, 0x0000000712c00000, 0x0000000712e00000|  0%| F|  |TAMS 0x0000000712c00000, 0x0000000712c00000| Untracked 
| 119|0x0000000712e00000, 0x0000000712e00000, 0x0000000713000000|  0%| F|  |TAMS 0x0000000712e00000, 0x0000000712e00000| Untracked 
| 120|0x0000000713000000, 0x0000000713000000, 0x0000000713200000|  0%| F|  |TAMS 0x0000000713000000, 0x0000000713000000| Untracked 
| 121|0x0000000713200000, 0x0000000713200000, 0x0000000713400000|  0%| F|  |TAMS 0x0000000713200000, 0x0000000713200000| Untracked 
| 122|0x0000000713400000, 0x0000000713400000, 0x0000000713600000|  0%| F|  |TAMS 0x0000000713400000, 0x0000000713400000| Untracked 
| 123|0x0000000713600000, 0x0000000713600000, 0x0000000713800000|  0%| F|  |TAMS 0x0000000713600000, 0x0000000713600000| Untracked 
| 124|0x0000000713800000, 0x0000000713800000, 0x0000000713a00000|  0%| F|  |TAMS 0x0000000713800000, 0x0000000713800000| Untracked 
| 125|0x0000000713a00000, 0x0000000713a00000, 0x0000000713c00000|  0%| F|  |TAMS 0x0000000713a00000, 0x0000000713a00000| Untracked 
| 126|0x0000000713c00000, 0x0000000713c00000, 0x0000000713e00000|  0%| F|  |TAMS 0x0000000713c00000, 0x0000000713c00000| Untracked 
| 127|0x0000000713e00000, 0x0000000713e00000, 0x0000000714000000|  0%| F|  |TAMS 0x0000000713e00000, 0x0000000713e00000| Untracked 
| 128|0x0000000714000000, 0x0000000714000000, 0x0000000714200000|  0%| F|  |TAMS 0x0000000714000000, 0x0000000714000000| Untracked 
| 129|0x0000000714200000, 0x0000000714200000, 0x0000000714400000|  0%| F|  |TAMS 0x0000000714200000, 0x0000000714200000| Untracked 
| 130|0x0000000714400000, 0x0000000714400000, 0x0000000714600000|  0%| F|  |TAMS 0x0000000714400000, 0x0000000714400000| Untracked 
| 131|0x0000000714600000, 0x0000000714600000, 0x0000000714800000|  0%| F|  |TAMS 0x0000000714600000, 0x0000000714600000| Untracked 
| 132|0x0000000714800000, 0x0000000714800000, 0x0000000714a00000|  0%| F|  |TAMS 0x0000000714800000, 0x0000000714800000| Untracked 
| 133|0x0000000714a00000, 0x0000000714a00000, 0x0000000714c00000|  0%| F|  |TAMS 0x0000000714a00000, 0x0000000714a00000| Untracked 
| 134|0x0000000714c00000, 0x0000000714c00000, 0x0000000714e00000|  0%| F|  |TAMS 0x0000000714c00000, 0x0000000714c00000| Untracked 
| 135|0x0000000714e00000, 0x0000000714e00000, 0x0000000715000000|  0%| F|  |TAMS 0x0000000714e00000, 0x0000000714e00000| Untracked 
| 136|0x0000000715000000, 0x0000000715000000, 0x0000000715200000|  0%| F|  |TAMS 0x0000000715000000, 0x0000000715000000| Untracked 
| 137|0x0000000715200000, 0x0000000715200000, 0x0000000715400000|  0%| F|  |TAMS 0x0000000715200000, 0x0000000715200000| Untracked 
| 138|0x0000000715400000, 0x0000000715400000, 0x0000000715600000|  0%| F|  |TAMS 0x0000000715400000, 0x0000000715400000| Untracked 
| 139|0x0000000715600000, 0x0000000715800000, 0x0000000715800000|100%| E|  |TAMS 0x0000000715600000, 0x0000000715600000| Complete 
| 140|0x0000000715800000, 0x0000000715a00000, 0x0000000715a00000|100%| E|CS|TAMS 0x0000000715800000, 0x0000000715800000| Complete 
| 141|0x0000000715a00000, 0x0000000715c00000, 0x0000000715c00000|100%| E|CS|TAMS 0x0000000715a00000, 0x0000000715a00000| Complete 
| 142|0x0000000715c00000, 0x0000000715e00000, 0x0000000715e00000|100%| E|CS|TAMS 0x0000000715c00000, 0x0000000715c00000| Complete 
| 143|0x0000000715e00000, 0x0000000716000000, 0x0000000716000000|100%| E|CS|TAMS 0x0000000715e00000, 0x0000000715e00000| Complete 
| 144|0x0000000716000000, 0x0000000716200000, 0x0000000716200000|100%| E|CS|TAMS 0x0000000716000000, 0x0000000716000000| Complete 
| 145|0x0000000716200000, 0x0000000716400000, 0x0000000716400000|100%| E|CS|TAMS 0x0000000716200000, 0x0000000716200000| Complete 
| 146|0x0000000716400000, 0x0000000716600000, 0x0000000716600000|100%| E|CS|TAMS 0x0000000716400000, 0x0000000716400000| Complete 
| 147|0x0000000716600000, 0x0000000716800000, 0x0000000716800000|100%| E|CS|TAMS 0x0000000716600000, 0x0000000716600000| Complete 
| 148|0x0000000716800000, 0x0000000716a00000, 0x0000000716a00000|100%| E|CS|TAMS 0x0000000716800000, 0x0000000716800000| Complete 
| 149|0x0000000716a00000, 0x0000000716c00000, 0x0000000716c00000|100%| E|CS|TAMS 0x0000000716a00000, 0x0000000716a00000| Complete 
| 150|0x0000000716c00000, 0x0000000716e00000, 0x0000000716e00000|100%| E|CS|TAMS 0x0000000716c00000, 0x0000000716c00000| Complete 
| 151|0x0000000716e00000, 0x0000000717000000, 0x0000000717000000|100%| E|CS|TAMS 0x0000000716e00000, 0x0000000716e00000| Complete 
| 152|0x0000000717000000, 0x0000000717200000, 0x0000000717200000|100%| E|CS|TAMS 0x0000000717000000, 0x0000000717000000| Complete 
| 153|0x0000000717200000, 0x0000000717400000, 0x0000000717400000|100%| E|CS|TAMS 0x0000000717200000, 0x0000000717200000| Complete 
| 154|0x0000000717400000, 0x0000000717600000, 0x0000000717600000|100%| E|CS|TAMS 0x0000000717400000, 0x0000000717400000| Complete 
| 155|0x0000000717600000, 0x0000000717800000, 0x0000000717800000|100%| E|CS|TAMS 0x0000000717600000, 0x0000000717600000| Complete 
| 156|0x0000000717800000, 0x0000000717a00000, 0x0000000717a00000|100%| E|CS|TAMS 0x0000000717800000, 0x0000000717800000| Complete 
| 157|0x0000000717a00000, 0x0000000717c00000, 0x0000000717c00000|100%| E|CS|TAMS 0x0000000717a00000, 0x0000000717a00000| Complete 
| 158|0x0000000717c00000, 0x0000000717e00000, 0x0000000717e00000|100%| E|CS|TAMS 0x0000000717c00000, 0x0000000717c00000| Complete 
| 159|0x0000000717e00000, 0x0000000718000000, 0x0000000718000000|100%| E|CS|TAMS 0x0000000717e00000, 0x0000000717e00000| Complete 
| 160|0x0000000718000000, 0x0000000718200000, 0x0000000718200000|100%| E|CS|TAMS 0x0000000718000000, 0x0000000718000000| Complete 
| 161|0x0000000718200000, 0x0000000718400000, 0x0000000718400000|100%| E|CS|TAMS 0x0000000718200000, 0x0000000718200000| Complete 
| 162|0x0000000718400000, 0x0000000718600000, 0x0000000718600000|100%| E|CS|TAMS 0x0000000718400000, 0x0000000718400000| Complete 
| 163|0x0000000718600000, 0x0000000718800000, 0x0000000718800000|100%| E|CS|TAMS 0x0000000718600000, 0x0000000718600000| Complete 
| 164|0x0000000718800000, 0x0000000718a00000, 0x0000000718a00000|100%| E|CS|TAMS 0x0000000718800000, 0x0000000718800000| Complete 
| 165|0x0000000718a00000, 0x0000000718c00000, 0x0000000718c00000|100%| E|CS|TAMS 0x0000000718a00000, 0x0000000718a00000| Complete 
| 166|0x0000000718c00000, 0x0000000718e00000, 0x0000000718e00000|100%| E|CS|TAMS 0x0000000718c00000, 0x0000000718c00000| Complete 
| 167|0x0000000718e00000, 0x0000000719000000, 0x0000000719000000|100%| E|CS|TAMS 0x0000000718e00000, 0x0000000718e00000| Complete 
| 168|0x0000000719000000, 0x0000000719200000, 0x0000000719200000|100%| E|CS|TAMS 0x0000000719000000, 0x0000000719000000| Complete 
| 169|0x0000000719200000, 0x0000000719400000, 0x0000000719400000|100%| E|CS|TAMS 0x0000000719200000, 0x0000000719200000| Complete 
| 170|0x0000000719400000, 0x0000000719600000, 0x0000000719600000|100%| E|CS|TAMS 0x0000000719400000, 0x0000000719400000| Complete 
| 171|0x0000000719600000, 0x0000000719800000, 0x0000000719800000|100%| E|CS|TAMS 0x0000000719600000, 0x0000000719600000| Complete 
| 172|0x0000000719800000, 0x0000000719a00000, 0x0000000719a00000|100%| E|CS|TAMS 0x0000000719800000, 0x0000000719800000| Complete 
| 173|0x0000000719a00000, 0x0000000719c00000, 0x0000000719c00000|100%| E|CS|TAMS 0x0000000719a00000, 0x0000000719a00000| Complete 
| 174|0x0000000719c00000, 0x0000000719e00000, 0x0000000719e00000|100%| E|CS|TAMS 0x0000000719c00000, 0x0000000719c00000| Complete 
| 175|0x0000000719e00000, 0x000000071a000000, 0x000000071a000000|100%| E|CS|TAMS 0x0000000719e00000, 0x0000000719e00000| Complete 
| 176|0x000000071a000000, 0x000000071a200000, 0x000000071a200000|100%| E|CS|TAMS 0x000000071a000000, 0x000000071a000000| Complete 
| 177|0x000000071a200000, 0x000000071a400000, 0x000000071a400000|100%| E|CS|TAMS 0x000000071a200000, 0x000000071a200000| Complete 
| 178|0x000000071a400000, 0x000000071a600000, 0x000000071a600000|100%| E|CS|TAMS 0x000000071a400000, 0x000000071a400000| Complete 
| 179|0x000000071a600000, 0x000000071a800000, 0x000000071a800000|100%| E|CS|TAMS 0x000000071a600000, 0x000000071a600000| Complete 
| 180|0x000000071a800000, 0x000000071aa00000, 0x000000071aa00000|100%| E|CS|TAMS 0x000000071a800000, 0x000000071a800000| Complete 
| 181|0x000000071aa00000, 0x000000071ac00000, 0x000000071ac00000|100%| E|CS|TAMS 0x000000071aa00000, 0x000000071aa00000| Complete 
| 182|0x000000071ac00000, 0x000000071ae00000, 0x000000071ae00000|100%| E|CS|TAMS 0x000000071ac00000, 0x000000071ac00000| Complete 
| 183|0x000000071ae00000, 0x000000071b000000, 0x000000071b000000|100%| E|CS|TAMS 0x000000071ae00000, 0x000000071ae00000| Complete 
| 184|0x000000071b000000, 0x000000071b200000, 0x000000071b200000|100%| E|CS|TAMS 0x000000071b000000, 0x000000071b000000| Complete 
| 185|0x000000071b200000, 0x000000071b400000, 0x000000071b400000|100%| E|CS|TAMS 0x000000071b200000, 0x000000071b200000| Complete 
| 186|0x000000071b400000, 0x000000071b600000, 0x000000071b600000|100%| E|CS|TAMS 0x000000071b400000, 0x000000071b400000| Complete 
| 187|0x000000071b600000, 0x000000071b800000, 0x000000071b800000|100%| E|CS|TAMS 0x000000071b600000, 0x000000071b600000| Complete 
| 188|0x000000071b800000, 0x000000071ba00000, 0x000000071ba00000|100%| E|CS|TAMS 0x000000071b800000, 0x000000071b800000| Complete 
| 189|0x000000071ba00000, 0x000000071bc00000, 0x000000071bc00000|100%| E|CS|TAMS 0x000000071ba00000, 0x000000071ba00000| Complete 
| 190|0x000000071bc00000, 0x000000071be00000, 0x000000071be00000|100%| E|CS|TAMS 0x000000071bc00000, 0x000000071bc00000| Complete 
| 191|0x000000071be00000, 0x000000071c000000, 0x000000071c000000|100%| E|CS|TAMS 0x000000071be00000, 0x000000071be00000| Complete 
| 192|0x000000071c000000, 0x000000071c200000, 0x000000071c200000|100%| E|CS|TAMS 0x000000071c000000, 0x000000071c000000| Complete 
| 193|0x000000071c200000, 0x000000071c400000, 0x000000071c400000|100%| E|CS|TAMS 0x000000071c200000, 0x000000071c200000| Complete 
| 194|0x000000071c400000, 0x000000071c600000, 0x000000071c600000|100%| E|CS|TAMS 0x000000071c400000, 0x000000071c400000| Complete 
| 195|0x000000071c600000, 0x000000071c800000, 0x000000071c800000|100%| E|CS|TAMS 0x000000071c600000, 0x000000071c600000| Complete 
| 196|0x000000071c800000, 0x000000071ca00000, 0x000000071ca00000|100%| E|CS|TAMS 0x000000071c800000, 0x000000071c800000| Complete 
| 197|0x000000071ca00000, 0x000000071cc00000, 0x000000071cc00000|100%| E|CS|TAMS 0x000000071ca00000, 0x000000071ca00000| Complete 
| 198|0x000000071cc00000, 0x000000071ce00000, 0x000000071ce00000|100%| E|CS|TAMS 0x000000071cc00000, 0x000000071cc00000| Complete 
| 199|0x000000071ce00000, 0x000000071d000000, 0x000000071d000000|100%| E|CS|TAMS 0x000000071ce00000, 0x000000071ce00000| Complete 
| 200|0x000000071d000000, 0x000000071d200000, 0x000000071d200000|100%| E|CS|TAMS 0x000000071d000000, 0x000000071d000000| Complete 
| 201|0x000000071d200000, 0x000000071d400000, 0x000000071d400000|100%| E|CS|TAMS 0x000000071d200000, 0x000000071d200000| Complete 
| 202|0x000000071d400000, 0x000000071d600000, 0x000000071d600000|100%| E|CS|TAMS 0x000000071d400000, 0x000000071d400000| Complete 
| 203|0x000000071d600000, 0x000000071d800000, 0x000000071d800000|100%| E|CS|TAMS 0x000000071d600000, 0x000000071d600000| Complete 
| 204|0x000000071d800000, 0x000000071da00000, 0x000000071da00000|100%| E|CS|TAMS 0x000000071d800000, 0x000000071d800000| Complete 
| 205|0x000000071da00000, 0x000000071dc00000, 0x000000071dc00000|100%| E|CS|TAMS 0x000000071da00000, 0x000000071da00000| Complete 
| 206|0x000000071dc00000, 0x000000071de00000, 0x000000071de00000|100%| E|CS|TAMS 0x000000071dc00000, 0x000000071dc00000| Complete 
| 207|0x000000071de00000, 0x000000071e000000, 0x000000071e000000|100%| E|CS|TAMS 0x000000071de00000, 0x000000071de00000| Complete 
| 208|0x000000071e000000, 0x000000071e200000, 0x000000071e200000|100%| E|CS|TAMS 0x000000071e000000, 0x000000071e000000| Complete 
| 209|0x000000071e200000, 0x000000071e400000, 0x000000071e400000|100%| E|CS|TAMS 0x000000071e200000, 0x000000071e200000| Complete 
| 210|0x000000071e400000, 0x000000071e600000, 0x000000071e600000|100%| E|CS|TAMS 0x000000071e400000, 0x000000071e400000| Complete 
| 211|0x000000071e600000, 0x000000071e800000, 0x000000071e800000|100%| E|CS|TAMS 0x000000071e600000, 0x000000071e600000| Complete 
| 212|0x000000071e800000, 0x000000071ea00000, 0x000000071ea00000|100%| E|CS|TAMS 0x000000071e800000, 0x000000071e800000| Complete 
| 213|0x000000071ea00000, 0x000000071ec00000, 0x000000071ec00000|100%| E|CS|TAMS 0x000000071ea00000, 0x000000071ea00000| Complete 
| 214|0x000000071ec00000, 0x000000071ee00000, 0x000000071ee00000|100%| E|CS|TAMS 0x000000071ec00000, 0x000000071ec00000| Complete 
| 215|0x000000071ee00000, 0x000000071f000000, 0x000000071f000000|100%| E|CS|TAMS 0x000000071ee00000, 0x000000071ee00000| Complete 
| 216|0x000000071f000000, 0x000000071f200000, 0x000000071f200000|100%| E|CS|TAMS 0x000000071f000000, 0x000000071f000000| Complete 
| 217|0x000000071f200000, 0x000000071f400000, 0x000000071f400000|100%| E|CS|TAMS 0x000000071f200000, 0x000000071f200000| Complete 
| 218|0x000000071f400000, 0x000000071f600000, 0x000000071f600000|100%| E|CS|TAMS 0x000000071f400000, 0x000000071f400000| Complete 
| 219|0x000000071f600000, 0x000000071f800000, 0x000000071f800000|100%| E|CS|TAMS 0x000000071f600000, 0x000000071f600000| Complete 
| 220|0x000000071f800000, 0x000000071fa00000, 0x000000071fa00000|100%| E|CS|TAMS 0x000000071f800000, 0x000000071f800000| Complete 
| 221|0x000000071fa00000, 0x000000071fc00000, 0x000000071fc00000|100%| E|CS|TAMS 0x000000071fa00000, 0x000000071fa00000| Complete 
| 222|0x000000071fc00000, 0x000000071fe00000, 0x000000071fe00000|100%| E|CS|TAMS 0x000000071fc00000, 0x000000071fc00000| Complete 
| 223|0x000000071fe00000, 0x0000000720000000, 0x0000000720000000|100%| E|CS|TAMS 0x000000071fe00000, 0x000000071fe00000| Complete 
| 224|0x0000000720000000, 0x0000000720200000, 0x0000000720200000|100%| E|CS|TAMS 0x0000000720000000, 0x0000000720000000| Complete 
| 225|0x0000000720200000, 0x0000000720400000, 0x0000000720400000|100%| E|CS|TAMS 0x0000000720200000, 0x0000000720200000| Complete 
| 226|0x0000000720400000, 0x0000000720600000, 0x0000000720600000|100%| E|CS|TAMS 0x0000000720400000, 0x0000000720400000| Complete 
| 227|0x0000000720600000, 0x0000000720800000, 0x0000000720800000|100%| E|CS|TAMS 0x0000000720600000, 0x0000000720600000| Complete 
| 228|0x0000000720800000, 0x0000000720a00000, 0x0000000720a00000|100%| E|CS|TAMS 0x0000000720800000, 0x0000000720800000| Complete 
| 229|0x0000000720a00000, 0x0000000720c00000, 0x0000000720c00000|100%| E|CS|TAMS 0x0000000720a00000, 0x0000000720a00000| Complete 
| 230|0x0000000720c00000, 0x0000000720e00000, 0x0000000720e00000|100%| E|CS|TAMS 0x0000000720c00000, 0x0000000720c00000| Complete 
| 231|0x0000000720e00000, 0x0000000721000000, 0x0000000721000000|100%| E|CS|TAMS 0x0000000720e00000, 0x0000000720e00000| Complete 
| 232|0x0000000721000000, 0x0000000721200000, 0x0000000721200000|100%| E|CS|TAMS 0x0000000721000000, 0x0000000721000000| Complete 
| 233|0x0000000721200000, 0x0000000721400000, 0x0000000721400000|100%| E|CS|TAMS 0x0000000721200000, 0x0000000721200000| Complete 
| 234|0x0000000721400000, 0x0000000721600000, 0x0000000721600000|100%| E|CS|TAMS 0x0000000721400000, 0x0000000721400000| Complete 
| 235|0x0000000721600000, 0x0000000721800000, 0x0000000721800000|100%| E|CS|TAMS 0x0000000721600000, 0x0000000721600000| Complete 
| 236|0x0000000721800000, 0x0000000721a00000, 0x0000000721a00000|100%| E|CS|TAMS 0x0000000721800000, 0x0000000721800000| Complete 

Card table byte_map: [0x0000021f24200000,0x0000021f249e0000] _byte_map_base: 0x0000021f209e0000

Marking Bits (Prev, Next): (CMBitMap*) 0x0000021f0c9d6d60, (CMBitMap*) 0x0000021f0c9d6da0
 Prev Bits: [0x0000021f251c0000, 0x0000021f290c0000)
 Next Bits: [0x0000021f290c0000, 0x0000021f2cfc0000)

Polling page: 0x0000021f0a7b0000

Metaspace:

Usage:
  Non-class:     70.36 MB used.
      Class:     11.04 MB used.
       Both:     81.40 MB used.

Virtual space:
  Non-class space:      128.00 MB reserved,      70.75 MB ( 55%) committed,  2 nodes.
      Class space:        1.00 GB reserved,      11.38 MB (  1%) committed,  1 nodes.
             Both:        1.12 GB reserved,      82.12 MB (  7%) committed. 

Chunk freelists:
   Non-Class:  8.33 MB
       Class:  4.66 MB
        Both:  12.99 MB

MaxMetaspaceSize: unlimited
CompressedClassSpaceSize: 1.00 GB
Initial GC threshold: 21.00 MB
Current GC threshold: 109.31 MB
CDS: on
MetaspaceReclaimPolicy: balanced
 - commit_granule_bytes: 65536.
 - commit_granule_words: 8192.
 - virtual_space_node_default_size: 8388608.
 - enlarge_chunks_in_place: 1.
 - new_chunks_are_fully_committed: 0.
 - uncommit_free_chunks: 1.
 - use_allocation_guard: 0.
 - handle_deallocations: 1.


Internal statistics:

num_allocs_failed_limit: 12.
num_arena_births: 1202.
num_arena_deaths: 0.
num_vsnodes_births: 3.
num_vsnodes_deaths: 0.
num_space_committed: 1314.
num_space_uncommitted: 0.
num_chunks_returned_to_freelist: 12.
num_chunks_taken_from_freelist: 4448.
num_chunk_merges: 12.
num_chunk_splits: 3153.
num_chunks_enlarged: 2357.
num_inconsistent_stats: 0.

CodeHeap 'non-profiled nmethods': size=120000Kb used=7393Kb max_used=7393Kb free=112607Kb
 bounds [0x0000021f1bfa0000, 0x0000021f1c6e0000, 0x0000021f234d0000]
CodeHeap 'profiled nmethods': size=120000Kb used=19526Kb max_used=19526Kb free=100473Kb
 bounds [0x0000021f144d0000, 0x0000021f157f0000, 0x0000021f1ba00000]
CodeHeap 'non-nmethods': size=5760Kb used=1390Kb max_used=1450Kb free=4369Kb
 bounds [0x0000021f1ba00000, 0x0000021f1bc70000, 0x0000021f1bfa0000]
 total_blobs=11194 nmethods=10477 adapters=626
 compilation: enabled
              stopped_count=0, restarted_count=0
 full_count=0

Compilation events (20 events):
Event: 161.519 Thread 0x0000021f71042000 12068       1       org.apache.coyote.Response::getCharacterEncoding (5 bytes)
Event: 161.519 Thread 0x0000021f71042000 nmethod 12068 0x0000021f1c6d7210 code [0x0000021f1c6d73a0, 0x0000021f1c6d7478]
Event: 161.520 Thread 0x0000021f71042000 12073       1       org.hibernate.loader.ast.internal.CacheEntityLoaderHelper$PersistenceContextEntry::getEntity (5 bytes)
Event: 161.521 Thread 0x0000021f71042000 nmethod 12073 0x0000021f1c6d7510 code [0x0000021f1c6d76a0, 0x0000021f1c6d7778]
Event: 161.521 Thread 0x0000021f71042000 12074       3       org.hibernate.event.spi.LoadEvent::getLockMode (8 bytes)
Event: 161.522 Thread 0x0000021f71042000 nmethod 12074 0x0000021f157daa10 code [0x0000021f157daba0, 0x0000021f157dacd8]
Event: 161.525 Thread 0x0000021f71042000 12075       1       org.hibernate.tuple.entity.EntityMetamodel::getProperties (5 bytes)
Event: 161.526 Thread 0x0000021f71042000 nmethod 12075 0x0000021f1c6d7810 code [0x0000021f1c6d79a0, 0x0000021f1c6d7a78]
Event: 161.526 Thread 0x0000021f71042000 12076       3       org.springframework.web.servlet.handler.HandlerMappingIntrospector$CachedResult::matches (38 bytes)
Event: 161.528 Thread 0x0000021f71042000 nmethod 12076 0x0000021f157dad90 code [0x0000021f157daf60, 0x0000021f157db3a8]
Event: 161.528 Thread 0x0000021f71042000 12077       3       org.springframework.web.util.ServletRequestPathUtils$ServletRequestPath::getServletPathPrefix (104 bytes)
Event: 161.536 Thread 0x0000021f71042000 nmethod 12077 0x0000021f157db510 code [0x0000021f157db7c0, 0x0000021f157dc598]
Event: 161.536 Thread 0x0000021f71042000 12078       3       com.mysql.cj.util.StringUtils::startsWithIgnoreCaseAndWs (7 bytes)
Event: 161.536 Thread 0x0000021f71042000 nmethod 12078 0x0000021f157dc990 code [0x0000021f157dcb40, 0x0000021f157dcc68]
Event: 161.536 Thread 0x0000021f71042000 12079       1       org.springframework.web.util.HierarchicalUriComponents::getHost (5 bytes)
Event: 161.536 Thread 0x0000021f71042000 nmethod 12079 0x0000021f1c6d7b10 code [0x0000021f1c6d7ca0, 0x0000021f1c6d7d78]
Event: 161.537 Thread 0x0000021f71042000 12080       3       org.hibernate.type.BasicType::disassemble (2 bytes)
Event: 161.537 Thread 0x0000021f71042000 nmethod 12080 0x0000021f157dcd10 code [0x0000021f157dcea0, 0x0000021f157dcfb8]
Event: 161.538 Thread 0x0000021f71042000 12081       1       org.hibernate.event.spi.LoadEvent::getLockOptions (5 bytes)
Event: 161.539 Thread 0x0000021f71042000 nmethod 12081 0x0000021f1c6d7e10 code [0x0000021f1c6d7fa0, 0x0000021f1c6d8078]

GC Heap History (20 events):
Event: 5.447 GC heap before
{Heap before GC invocations=18 (full 0):
 garbage-first heap   total 108544K, used 78290K [0x0000000704000000, 0x0000000800000000)
  region size 2048K, 20 young (40960K), 3 survivors (6144K)
 Metaspace       used 65915K, committed 66496K, reserved 1114112K
  class space    used 9112K, committed 9408K, reserved 1048576K
}
Event: 5.451 GC heap after
{Heap after GC invocations=19 (full 0):
 garbage-first heap   total 108544K, used 46410K [0x0000000704000000, 0x0000000800000000)
  region size 2048K, 2 young (4096K), 2 survivors (4096K)
 Metaspace       used 65915K, committed 66496K, reserved 1114112K
  class space    used 9112K, committed 9408K, reserved 1048576K
}
Event: 5.510 GC heap before
{Heap before GC invocations=19 (full 0):
 garbage-first heap   total 108544K, used 79178K [0x0000000704000000, 0x0000000800000000)
  region size 2048K, 18 young (36864K), 2 survivors (4096K)
 Metaspace       used 66245K, committed 66816K, reserved 1114112K
  class space    used 9191K, committed 9472K, reserved 1048576K
}
Event: 5.515 GC heap after
{Heap after GC invocations=20 (full 0):
 garbage-first heap   total 108544K, used 55997K [0x0000000704000000, 0x0000000800000000)
  region size 2048K, 3 young (6144K), 3 survivors (6144K)
 Metaspace       used 66245K, committed 66816K, reserved 1114112K
  class space    used 9191K, committed 9472K, reserved 1048576K
}
Event: 5.543 GC heap before
{Heap before GC invocations=20 (full 0):
 garbage-first heap   total 108544K, used 80573K [0x0000000704000000, 0x0000000800000000)
  region size 2048K, 15 young (30720K), 3 survivors (6144K)
 Metaspace       used 66255K, committed 66816K, reserved 1114112K
  class space    used 9191K, committed 9472K, reserved 1048576K
}
Event: 5.548 GC heap after
{Heap after GC invocations=21 (full 0):
 garbage-first heap   total 108544K, used 63119K [0x0000000704000000, 0x0000000800000000)
  region size 2048K, 2 young (4096K), 2 survivors (4096K)
 Metaspace       used 66255K, committed 66816K, reserved 1114112K
  class space    used 9191K, committed 9472K, reserved 1048576K
}
Event: 5.575 GC heap before
{Heap before GC invocations=21 (full 0):
 garbage-first heap   total 108544K, used 79503K [0x0000000704000000, 0x0000000800000000)
  region size 2048K, 10 young (20480K), 2 survivors (4096K)
 Metaspace       used 66255K, committed 66816K, reserved 1114112K
  class space    used 9191K, committed 9472K, reserved 1048576K
}
Event: 5.578 GC heap after
{Heap after GC invocations=22 (full 0):
 garbage-first heap   total 204800K, used 68154K [0x0000000704000000, 0x0000000800000000)
  region size 2048K, 2 young (4096K), 2 survivors (4096K)
 Metaspace       used 66255K, committed 66816K, reserved 1114112K
  class space    used 9191K, committed 9472K, reserved 1048576K
}
Event: 5.694 GC heap before
{Heap before GC invocations=23 (full 0):
 garbage-first heap   total 204800K, used 143930K [0x0000000704000000, 0x0000000800000000)
  region size 2048K, 39 young (79872K), 2 survivors (4096K)
 Metaspace       used 66255K, committed 66816K, reserved 1114112K
  class space    used 9191K, committed 9472K, reserved 1048576K
}
Event: 5.704 GC heap after
{Heap after GC invocations=24 (full 0):
 garbage-first heap   total 204800K, used 90597K [0x0000000704000000, 0x0000000800000000)
  region size 2048K, 5 young (10240K), 5 survivors (10240K)
 Metaspace       used 66255K, committed 66816K, reserved 1114112K
  class space    used 9191K, committed 9472K, reserved 1048576K
}
Event: 5.786 GC heap before
{Heap before GC invocations=24 (full 0):
 garbage-first heap   total 204800K, used 145893K [0x0000000704000000, 0x0000000800000000)
  region size 2048K, 31 young (63488K), 5 survivors (10240K)
 Metaspace       used 66255K, committed 66816K, reserved 1114112K
  class space    used 9191K, committed 9472K, reserved 1048576K
}
Event: 5.796 GC heap after
{Heap after GC invocations=25 (full 0):
 garbage-first heap   total 204800K, used 108062K [0x0000000704000000, 0x0000000800000000)
  region size 2048K, 4 young (8192K), 4 survivors (8192K)
 Metaspace       used 66255K, committed 66816K, reserved 1114112K
  class space    used 9191K, committed 9472K, reserved 1048576K
}
Event: 5.842 GC heap before
{Heap before GC invocations=25 (full 0):
 garbage-first heap   total 204800K, used 151070K [0x0000000704000000, 0x0000000800000000)
  region size 2048K, 25 young (51200K), 4 survivors (8192K)
 Metaspace       used 66256K, committed 66816K, reserved 1114112K
  class space    used 9191K, committed 9472K, reserved 1048576K
}
Event: 5.848 GC heap after
{Heap after GC invocations=26 (full 0):
 garbage-first heap   total 204800K, used 111939K [0x0000000704000000, 0x0000000800000000)
  region size 2048K, 2 young (4096K), 2 survivors (4096K)
 Metaspace       used 66256K, committed 66816K, reserved 1114112K
  class space    used 9191K, committed 9472K, reserved 1048576K
}
Event: 5.965 GC heap before
{Heap before GC invocations=27 (full 0):
 garbage-first heap   total 245760K, used 148803K [0x0000000704000000, 0x0000000800000000)
  region size 2048K, 23 young (47104K), 2 survivors (4096K)
 Metaspace       used 67593K, committed 68160K, reserved 1114112K
  class space    used 9364K, committed 9664K, reserved 1048576K
}
Event: 5.968 GC heap after
{Heap after GC invocations=28 (full 0):
 garbage-first heap   total 245760K, used 107614K [0x0000000704000000, 0x0000000800000000)
  region size 2048K, 1 young (2048K), 1 survivors (2048K)
 Metaspace       used 67593K, committed 68160K, reserved 1114112K
  class space    used 9364K, committed 9664K, reserved 1048576K
}
Event: 5.992 GC heap before
{Heap before GC invocations=28 (full 0):
 garbage-first heap   total 245760K, used 117854K [0x0000000704000000, 0x0000000800000000)
  region size 2048K, 6 young (12288K), 1 survivors (2048K)
 Metaspace       used 67666K, committed 68224K, reserved 1114112K
  class space    used 9370K, committed 9664K, reserved 1048576K
}
Event: 5.995 GC heap after
{Heap after GC invocations=29 (full 0):
 garbage-first heap   total 245760K, used 95609K [0x0000000704000000, 0x0000000800000000)
  region size 2048K, 1 young (2048K), 1 survivors (2048K)
 Metaspace       used 67666K, committed 68224K, reserved 1114112K
  class space    used 9370K, committed 9664K, reserved 1048576K
}
Event: 6.206 GC heap before
{Heap before GC invocations=29 (full 0):
 garbage-first heap   total 245760K, used 177529K [0x0000000704000000, 0x0000000800000000)
  region size 2048K, 41 young (83968K), 1 survivors (2048K)
 Metaspace       used 68264K, committed 68864K, reserved 1114112K
  class space    used 9414K, committed 9664K, reserved 1048576K
}
Event: 6.208 GC heap after
{Heap after GC invocations=30 (full 0):
 garbage-first heap   total 485376K, used 96853K [0x0000000704000000, 0x0000000800000000)
  region size 2048K, 2 young (4096K), 2 survivors (4096K)
 Metaspace       used 68264K, committed 68864K, reserved 1114112K
  class space    used 9414K, committed 9664K, reserved 1048576K
}

Dll operation events (11 events):
Event: 0.005 Loaded shared library C:\Program Files\Microsoft\jdk-17.0.17.10-hotspot\bin\java.dll
Event: 0.019 Loaded shared library C:\Program Files\Microsoft\jdk-17.0.17.10-hotspot\bin\jsvml.dll
Event: 0.127 Loaded shared library C:\Program Files\Microsoft\jdk-17.0.17.10-hotspot\bin\net.dll
Event: 0.128 Loaded shared library C:\Program Files\Microsoft\jdk-17.0.17.10-hotspot\bin\nio.dll
Event: 0.130 Loaded shared library C:\Program Files\Microsoft\jdk-17.0.17.10-hotspot\bin\zip.dll
Event: 0.195 Loaded shared library C:\Program Files\Microsoft\jdk-17.0.17.10-hotspot\bin\jimage.dll
Event: 1.032 Loaded shared library C:\Program Files\Microsoft\jdk-17.0.17.10-hotspot\bin\sunmscapi.dll
Event: 2.376 Loaded shared library C:\Program Files\Microsoft\jdk-17.0.17.10-hotspot\bin\management.dll
Event: 2.380 Loaded shared library C:\Program Files\Microsoft\jdk-17.0.17.10-hotspot\bin\management_ext.dll
Event: 2.858 Loaded shared library C:\Program Files\Microsoft\jdk-17.0.17.10-hotspot\bin\verify.dll
Event: 3.124 Loaded shared library C:\Program Files\Microsoft\jdk-17.0.17.10-hotspot\bin\extnet.dll

Deoptimization events (20 events):
Event: 46.503 Thread 0x0000021f7cc19cc0 Uncommon trap: trap_request=0xffffffde fr.pc=0x0000021f1c66ae20 relative=0x0000000000001580
Event: 46.503 Thread 0x0000021f7cc19cc0 Uncommon trap: reason=class_check action=maybe_recompile pc=0x0000021f1c66ae20 method=org.springframework.core.MethodParameter.getGenericParameterType()Ljava/lang/reflect/Type; @ 17 c2
Event: 46.503 Thread 0x0000021f7cc19cc0 DEOPT PACKING pc=0x0000021f1c66ae20 sp=0x00000073f44fa1a0
Event: 46.503 Thread 0x0000021f7cc19cc0 DEOPT UNPACKING pc=0x0000021f1ba5a1a3 sp=0x00000073f44fa110 mode 2
Event: 61.498 Thread 0x0000021f7cc192a0 DEOPT PACKING pc=0x0000021f147a70a0 sp=0x00000073f3ffb700
Event: 61.498 Thread 0x0000021f7cc1c030 DEOPT PACKING pc=0x0000021f147a70a0 sp=0x00000073f40fbae0
Event: 61.498 Thread 0x0000021f7cc192a0 DEOPT UNPACKING pc=0x0000021f1ba5ace3 sp=0x00000073f3ffab58 mode 0
Event: 61.498 Thread 0x0000021f7cc1c030 DEOPT UNPACKING pc=0x0000021f1ba5ace3 sp=0x00000073f40faf38 mode 0
Event: 73.556 Thread 0x0000021f7cc14bc0 Uncommon trap: trap_request=0xffffffc6 fr.pc=0x0000021f1c69052c relative=0x00000000000006cc
Event: 73.556 Thread 0x0000021f7cc14bc0 Uncommon trap: reason=bimorphic_or_optimized_type_check action=maybe_recompile pc=0x0000021f1c69052c method=java.util.HashMap.removeNode(ILjava/lang/Object;Ljava/lang/Object;ZZ)Ljava/util/HashMap$Node; @ 143 c2
Event: 73.556 Thread 0x0000021f7cc14bc0 DEOPT PACKING pc=0x0000021f1c69052c sp=0x00000073f47fecd0
Event: 73.556 Thread 0x0000021f7cc14bc0 DEOPT UNPACKING pc=0x0000021f1ba5a1a3 sp=0x00000073f47fec68 mode 2
Event: 73.556 Thread 0x0000021f7cc14bc0 Uncommon trap: trap_request=0xffffffc6 fr.pc=0x0000021f1c69052c relative=0x00000000000006cc
Event: 73.556 Thread 0x0000021f7cc14bc0 Uncommon trap: reason=bimorphic_or_optimized_type_check action=maybe_recompile pc=0x0000021f1c69052c method=java.util.HashMap.removeNode(ILjava/lang/Object;Ljava/lang/Object;ZZ)Ljava/util/HashMap$Node; @ 143 c2
Event: 73.556 Thread 0x0000021f7cc14bc0 DEOPT PACKING pc=0x0000021f1c69052c sp=0x00000073f47fecd0
Event: 73.556 Thread 0x0000021f7cc14bc0 DEOPT UNPACKING pc=0x0000021f1ba5a1a3 sp=0x00000073f47fec68 mode 2
Event: 73.556 Thread 0x0000021f7cc14bc0 Uncommon trap: trap_request=0xffffffc6 fr.pc=0x0000021f1c69052c relative=0x00000000000006cc
Event: 73.556 Thread 0x0000021f7cc14bc0 Uncommon trap: reason=bimorphic_or_optimized_type_check action=maybe_recompile pc=0x0000021f1c69052c method=java.util.HashMap.removeNode(ILjava/lang/Object;Ljava/lang/Object;ZZ)Ljava/util/HashMap$Node; @ 143 c2
Event: 73.556 Thread 0x0000021f7cc14bc0 DEOPT PACKING pc=0x0000021f1c69052c sp=0x00000073f47fecd0
Event: 73.556 Thread 0x0000021f7cc14bc0 DEOPT UNPACKING pc=0x0000021f1ba5a1a3 sp=0x00000073f47fec68 mode 2

Classes loaded (20 events):
Event: 11.559 Loading class java/util/stream/ReduceOps$6
Event: 11.559 Loading class java/util/stream/ReduceOps$6 done
Event: 11.559 Loading class java/util/stream/ReduceOps$5ReducingSink
Event: 11.559 Loading class java/util/stream/ReduceOps$5ReducingSink done
Event: 11.559 Loading class java/util/stream/ReferencePipeline$4$1
Event: 11.559 Loading class java/util/stream/ReferencePipeline$4$1 done
Event: 11.564 Loading class jdk/internal/math/FormattedFloatingDecimal$Form
Event: 11.564 Loading class jdk/internal/math/FormattedFloatingDecimal$Form done
Event: 11.564 Loading class jdk/internal/math/FormattedFloatingDecimal
Event: 11.564 Loading class jdk/internal/math/FormattedFloatingDecimal done
Event: 11.564 Loading class jdk/internal/math/FormattedFloatingDecimal$1
Event: 11.564 Loading class jdk/internal/math/FormattedFloatingDecimal$1 done
Event: 11.564 Loading class jdk/internal/math/FormattedFloatingDecimal$2
Event: 11.564 Loading class jdk/internal/math/FormattedFloatingDecimal$2 done
Event: 11.582 Loading class java/math/BigDecimal$StringBuilderHelper
Event: 11.583 Loading class java/math/BigDecimal$StringBuilderHelper done
Event: 11.632 Loading class java/util/ArrayList$SubList$2
Event: 11.632 Loading class java/util/ArrayList$SubList$2 done
Event: 11.650 Loading class java/util/concurrent/atomic/Striped64$Cell
Event: 11.650 Loading class java/util/concurrent/atomic/Striped64$Cell done

Classes unloaded (0 events):
No events

Classes redefined (0 events):
No events

Internal exceptions (20 events):
Event: 7.625 Thread 0x0000021f0c962770 Exception <a 'java/lang/NoSuchMethodError'{0x0000000718405fb8}: 'java.lang.Object java.lang.invoke.Invokers$Holder.linkToTargetMethod(java.lang.Object, int, java.lang.Object, java.lang.Object, java.lang.Object, java.lang.Object)'> (0x0000000718405fb8) 
thrown [s\src\hotspot\share\interpreter\linkResolver.cpp, line 759]
Event: 7.626 Thread 0x0000021f0c962770 Exception <a 'java/lang/NoSuchMethodError'{0x0000000718412b68}: 'int java.lang.invoke.DirectMethodHandle$Holder.invokeStatic(java.lang.Object, java.lang.Object, int, java.lang.Object)'> (0x0000000718412b68) 
thrown [s\src\hotspot\share\interpreter\linkResolver.cpp, line 759]
Event: 7.640 Thread 0x0000021f0c962770 Implicit null exception at 0x0000021f1c3eb69e to 0x0000021f1c3ee948
Event: 7.730 Thread 0x0000021f7cc192a0 Implicit null exception at 0x0000021f1c2efa5b to 0x0000021f1c2efdb0
Event: 7.731 Thread 0x0000021f7cc1c030 Implicit null exception at 0x0000021f1c1e17fa to 0x0000021f1c1e1878
Event: 7.782 Thread 0x0000021f7cc192a0 Exception <a 'java/lang/NoSuchMethodError'{0x0000000717a12688}: 'java.lang.Object java.lang.invoke.DirectMethodHandle$Holder.invokeSpecial(java.lang.Object, java.lang.Object, long, java.lang.Object, java.lang.Object, java.lang.Object, java.lang.Object, java.lang.Object, java.lang.Object, java.lang.Object)'> (0x0000000717a12688) 
thrown [s\src\hotspot\share\interpreter\linkResolver.cpp, line 759]
Event: 7.783 Thread 0x0000021f7cc192a0 Exception <a 'java/lang/NoSuchMethodError'{0x0000000717a17948}: 'java.lang.Object java.lang.invoke.DelegatingMethodHandle$Holder.reinvoke_L(java.lang.Object, long, java.lang.Object, java.lang.Object, java.lang.Object, java.lang.Object, java.lang.Object, java.lang.Object, java.lang.Object)'> (0x0000000717a17948) 
thrown [s\src\hotspot\share\interpreter\linkResolver.cpp, line 759]
Event: 7.784 Thread 0x0000021f7cc192a0 Exception <a 'java/lang/NoSuchMethodError'{0x0000000717a2f270}: 'java.lang.Object java.lang.invoke.Invokers$Holder.linkToTargetMethod(java.lang.Object, java.lang.Object, java.lang.Object, java.lang.Object, java.lang.Object, java.lang.Object, java.lang.Object, java.lang.Object)'> (0x0000000717a2f270) 
thrown [s\src\hotspot\share\interpreter\linkResolver.cpp, line 759]
Event: 11.585 Thread 0x0000021f7cc18370 Exception <a 'java/lang/NoSuchMethodError'{0x000000071761b450}: 'java.lang.Object java.lang.invoke.DelegatingMethodHandle$Holder.reinvoke_L(java.lang.Object, java.lang.Object, long, java.lang.Object, java.lang.Object, java.lang.Object, java.lang.Object, java.lang.Object, java.lang.Object, java.lang.Object, java.lang.Object, java.lang.Object, java.lang.Object, java.lang.Object, java.lang.Object, java.lang.Object, java.lang.Object, java.lang.Object)'> (0x000000071761b450) 
thrown [s\src\hotspot\share\interpr
Event: 11.587 Thread 0x0000021f7cc18370 Exception <a 'java/lang/NoSuchMethodError'{0x0000000717665868}: 'java.lang.Object java.lang.invoke.DirectMethodHandle$Holder.invokeSpecial(java.lang.Object, java.lang.Object, long, java.lang.Object, java.lang.Object, java.lang.Object, java.lang.Object, java.lang.Object, java.lang.Object, java.lang.Object, java.lang.Object, java.lang.Object, java.lang.Object, java.lang.Object, java.lang.Object, java.lang.Object, java.lang.Object, java.lang.Object)'> (0x0000000717665868) 
thrown [s\src\hotspot\share\interpre
Event: 11.587 Thread 0x0000021f7cc18370 Exception <a 'java/lang/NoSuchMethodError'{0x000000071766b0b8}: 'java.lang.Object java.lang.invoke.DelegatingMethodHandle$Holder.reinvoke_L(java.lang.Object, long, java.lang.Object, java.lang.Object, java.lang.Object, java.lang.Object, java.lang.Object, java.lang.Object, java.lang.Object, java.lang.Object, java.lang.Object, java.lang.Object, java.lang.Object, java.lang.Object, java.lang.Object, java.lang.Object, java.lang.Object)'> (0x000000071766b0b8) 
thrown [s\src\hotspot\share\interpreter\linkResolver.
Event: 11.588 Thread 0x0000021f7cc18370 Exception <a 'java/lang/NoSuchMethodError'{0x00000007176a21c0}: 'java.lang.Object java.lang.invoke.Invokers$Holder.linkToTargetMethod(java.lang.Object, java.lang.Object, java.lang.Object, java.lang.Object, java.lang.Object, java.lang.Object, java.lang.Object, java.lang.Object, java.lang.Object, java.lang.Object, java.lang.Object, java.lang.Object, java.lang.Object, java.lang.Object, java.lang.Object, java.lang.Object)'> (0x00000007176a21c0) 
thrown [s\src\hotspot\share\interpreter\linkResolver.cpp, line 75
Event: 11.592 Thread 0x0000021f7cc18370 Implicit null exception at 0x0000021f1c2f28c0 to 0x0000021f1c2f2f1c
Event: 11.630 Thread 0x0000021f7cc16f30 Exception <a 'java/lang/NoSuchMethodError'{0x0000000719dc6000}: 'java.lang.Object java.lang.invoke.DirectMethodHandle$Holder.invokeStatic(java.lang.Object, int, int)'> (0x0000000719dc6000) 
thrown [s\src\hotspot\share\interpreter\linkResolver.cpp, line 759]
Event: 11.631 Thread 0x0000021f7cc18880 Exception <a 'java/lang/NoSuchMethodError'{0x0000000719a2d468}: 'java.lang.Object java.lang.invoke.DirectMethodHandle$Holder.invokeStatic(java.lang.Object, int, int)'> (0x0000000719a2d468) 
thrown [s\src\hotspot\share\interpreter\linkResolver.cpp, line 759]
Event: 11.631 Thread 0x0000021f7cc19cc0 Exception <a 'java/lang/NoSuchMethodError'{0x0000000719b42270}: 'java.lang.Object java.lang.invoke.DirectMethodHandle$Holder.invokeStatic(java.lang.Object, int, int)'> (0x0000000719b42270) 
thrown [s\src\hotspot\share\interpreter\linkResolver.cpp, line 759]
Event: 11.631 Thread 0x0000021f7cc192a0 Exception <a 'java/lang/NoSuchMethodError'{0x0000000717b7db48}: 'java.lang.Object java.lang.invoke.DirectMethodHandle$Holder.invokeStatic(java.lang.Object, int, int)'> (0x0000000717b7db48) 
thrown [s\src\hotspot\share\interpreter\linkResolver.cpp, line 759]
Event: 11.631 Thread 0x0000021f7cc1c030 Exception <a 'java/lang/NoSuchMethodError'{0x0000000717d85528}: 'java.lang.Object java.lang.invoke.DirectMethodHandle$Holder.invokeStatic(java.lang.Object, int, int)'> (0x0000000717d85528) 
thrown [s\src\hotspot\share\interpreter\linkResolver.cpp, line 759]
Event: 67.274 Thread 0x0000021f7cc16a20 Exception <a 'java/lang/NoSuchMethodError'{0x000000071a23f588}: 'java.lang.Object java.lang.invoke.DirectMethodHandle$Holder.invokeSpecial(java.lang.Object, java.lang.Object, long, int, int, int, int, int, int, int, int, int)'> (0x000000071a23f588) 
thrown [s\src\hotspot\share\interpreter\linkResolver.cpp, line 759]
Event: 67.274 Thread 0x0000021f7cc16a20 Exception <a 'java/lang/NoSuchMethodError'{0x000000071a2431d8}: 'java.lang.Object java.lang.invoke.DelegatingMethodHandle$Holder.reinvoke_L(java.lang.Object, long, int, int, int, int, int, int, int, int, int)'> (0x000000071a2431d8) 
thrown [s\src\hotspot\share\interpreter\linkResolver.cpp, line 759]

VM Operations (20 events):
Event: 94.676 Executing VM operation: Cleanup
Event: 94.965 Executing VM operation: Cleanup done
Event: 95.967 Executing VM operation: Cleanup
Event: 97.014 Executing VM operation: Cleanup done
Event: 106.079 Executing VM operation: Cleanup
Event: 106.109 Executing VM operation: Cleanup done
Event: 107.118 Executing VM operation: Cleanup
Event: 107.212 Executing VM operation: Cleanup done
Event: 108.224 Executing VM operation: Cleanup
Event: 108.580 Executing VM operation: Cleanup done
Event: 109.589 Executing VM operation: Cleanup
Event: 109.589 Executing VM operation: Cleanup done
Event: 120.260 Executing VM operation: HandshakeAllThreads
Event: 120.260 Executing VM operation: HandshakeAllThreads done
Event: 145.449 Executing VM operation: Cleanup
Event: 145.453 Executing VM operation: Cleanup done
Event: 156.541 Executing VM operation: Cleanup
Event: 156.542 Executing VM operation: Cleanup done
Event: 157.544 Executing VM operation: Cleanup
Event: 157.544 Executing VM operation: Cleanup done

Memory protections (0 events):
No events

Nmethod flushes (20 events):
Event: 6.847 Thread 0x0000021f71066940 flushing  nmethod 0x0000021f151c1b10
Event: 6.847 Thread 0x0000021f71066940 flushing  nmethod 0x0000021f151ced10
Event: 6.847 Thread 0x0000021f71066940 flushing  nmethod 0x0000021f151d1990
Event: 6.847 Thread 0x0000021f71066940 flushing  nmethod 0x0000021f151d2190
Event: 6.847 Thread 0x0000021f71066940 flushing  nmethod 0x0000021f151df310
Event: 6.847 Thread 0x0000021f71066940 flushing  nmethod 0x0000021f151f1990
Event: 6.847 Thread 0x0000021f71066940 flushing  nmethod 0x0000021f151f7810
Event: 6.847 Thread 0x0000021f71066940 flushing  nmethod 0x0000021f15217310
Event: 6.847 Thread 0x0000021f71066940 flushing  nmethod 0x0000021f15231c90
Event: 6.847 Thread 0x0000021f71066940 flushing  nmethod 0x0000021f1523b590
Event: 6.848 Thread 0x0000021f71066940 flushing  nmethod 0x0000021f15281290
Event: 6.848 Thread 0x0000021f71066940 flushing  nmethod 0x0000021f15281690
Event: 6.848 Thread 0x0000021f71066940 flushing  nmethod 0x0000021f15294210
Event: 6.848 Thread 0x0000021f71066940 flushing  nmethod 0x0000021f152a8e90
Event: 6.848 Thread 0x0000021f71066940 flushing  nmethod 0x0000021f152cda10
Event: 6.848 Thread 0x0000021f71066940 flushing  nmethod 0x0000021f152ce790
Event: 6.848 Thread 0x0000021f71066940 flushing  nmethod 0x0000021f152d2710
Event: 6.848 Thread 0x0000021f71066940 flushing  nmethod 0x0000021f152d3d10
Event: 6.848 Thread 0x0000021f71066940 flushing  nmethod 0x0000021f1532ae90
Event: 7.701 Thread 0x0000021f71066940 flushing  nmethod 0x0000021f14c0c290

Events (20 events):
Event: 7.689 Thread 0x0000021f0c962770 Thread exited: 0x0000021f0c962770
Event: 7.689 Thread 0x0000021f7cc150d0 Thread added: 0x0000021f7cc150d0
Event: 11.489 Thread 0x0000021f712b3050 Thread exited: 0x0000021f712b3050
Event: 11.489 Thread 0x0000021f712189c0 Thread exited: 0x0000021f712189c0
Event: 11.498 Thread 0x0000021f71042000 Thread added: 0x0000021f78226aa0
Event: 11.513 Thread 0x0000021f71042000 Thread added: 0x0000021f78225010
Event: 12.700 Thread 0x0000021f77f9d7c0 Thread exited: 0x0000021f77f9d7c0
Event: 15.699 Thread 0x0000021f78225010 Thread exited: 0x0000021f78225010
Event: 15.699 Thread 0x0000021f78226aa0 Thread exited: 0x0000021f78226aa0
Event: 17.478 Thread 0x0000021f71042000 Thread added: 0x0000021f78227540
Event: 19.302 Thread 0x0000021f78227540 Thread exited: 0x0000021f78227540
Event: 21.499 Thread 0x0000021f71042000 Thread added: 0x0000021f78227540
Event: 21.509 Thread 0x0000021f71042000 Thread added: 0x0000021f78225010
Event: 22.514 Thread 0x0000021f78225010 Thread exited: 0x0000021f78225010
Event: 25.080 Thread 0x0000021f78227540 Thread exited: 0x0000021f78227540
Event: 26.510 Thread 0x0000021f71042000 Thread added: 0x0000021f78224020
Event: 28.527 Thread 0x0000021f78224020 Thread exited: 0x0000021f78224020
Event: 46.504 Thread 0x0000021f71042000 Thread added: 0x0000021f78226aa0
Event: 48.533 Thread 0x0000021f78226aa0 Thread exited: 0x0000021f78226aa0
Event: 67.276 Thread 0x0000021f7cc16a20 Thread added: 0x0000021f7cc1a1d0


Dynamic libraries:
0x00007ff7b0c30000 - 0x00007ff7b0c3e000 	C:\Program Files\Microsoft\jdk-17.0.17.10-hotspot\bin\java.exe
0x00007fff7c050000 - 0x00007fff7c267000 	C:\Windows\SYSTEM32\ntdll.dll
0x00007fff7a8e0000 - 0x00007fff7a9a4000 	C:\Windows\System32\KERNEL32.DLL
0x00007fff79690000 - 0x00007fff79a47000 	C:\Windows\System32\KERNELBASE.dll
0x00007fff79540000 - 0x00007fff79651000 	C:\Windows\System32\ucrtbase.dll
0x00007fff71f50000 - 0x00007fff71f68000 	C:\Program Files\Microsoft\jdk-17.0.17.10-hotspot\bin\jli.dll
0x00007fff71f70000 - 0x00007fff71f8e000 	C:\Program Files\Microsoft\jdk-17.0.17.10-hotspot\bin\VCRUNTIME140.dll
0x00007fff7a0c0000 - 0x00007fff7a26f000 	C:\Windows\System32\USER32.dll
0x00007fff60930000 - 0x00007fff60bc3000 	C:\Windows\WinSxS\amd64_microsoft.windows.common-controls_6595b64144ccf1df_6.0.22621.3672_none_2713b9d173822955\COMCTL32.dll
0x00007fff79660000 - 0x00007fff79686000 	C:\Windows\System32\win32u.dll
0x00007fff7b680000 - 0x00007fff7b727000 	C:\Windows\System32\msvcrt.dll
0x00007fff7bfe0000 - 0x00007fff7c009000 	C:\Windows\System32\GDI32.dll
0x00007fff79c60000 - 0x00007fff79d78000 	C:\Windows\System32\gdi32full.dll
0x00007fff79420000 - 0x00007fff794ba000 	C:\Windows\System32\msvcp_win.dll
0x00007fff7aff0000 - 0x00007fff7b021000 	C:\Windows\System32\IMM32.DLL
0x00007fff71eb0000 - 0x00007fff71ebc000 	C:\Program Files\Microsoft\jdk-17.0.17.10-hotspot\bin\vcruntime140_1.dll
0x00007fff627f0000 - 0x00007fff62879000 	C:\Program Files\Microsoft\jdk-17.0.17.10-hotspot\bin\msvcp140.dll
0x00007ffea4860000 - 0x00007ffea54da000 	C:\Program Files\Microsoft\jdk-17.0.17.10-hotspot\bin\server\jvm.dll
0x00007fff79ea0000 - 0x00007fff79f52000 	C:\Windows\System32\ADVAPI32.dll
0x00007fff7b5d0000 - 0x00007fff7b678000 	C:\Windows\System32\sechost.dll
0x00007fff79c30000 - 0x00007fff79c58000 	C:\Windows\System32\bcrypt.dll
0x00007fff79d80000 - 0x00007fff79e94000 	C:\Windows\System32\RPCRT4.dll
0x00007fff7a7e0000 - 0x00007fff7a851000 	C:\Windows\System32\WS2_32.dll
0x00007fff781d0000 - 0x00007fff7821d000 	C:\Windows\SYSTEM32\POWRPROF.dll
0x00007fff71d60000 - 0x00007fff71d94000 	C:\Windows\SYSTEM32\WINMM.dll
0x00007fff71d50000 - 0x00007fff71d5a000 	C:\Windows\SYSTEM32\VERSION.dll
0x00007fff781b0000 - 0x00007fff781c3000 	C:\Windows\SYSTEM32\UMPDC.dll
0x00007fff78460000 - 0x00007fff78478000 	C:\Windows\SYSTEM32\kernel.appcore.dll
0x00007fff71710000 - 0x00007fff7171a000 	C:\Program Files\Microsoft\jdk-17.0.17.10-hotspot\bin\jimage.dll
0x00007fff76650000 - 0x00007fff76882000 	C:\Windows\SYSTEM32\DBGHELP.DLL
0x00007fff7a2f0000 - 0x00007fff7a67e000 	C:\Windows\System32\combase.dll
0x00007fff7b030000 - 0x00007fff7b107000 	C:\Windows\System32\OLEAUT32.dll
0x00007fff6d4b0000 - 0x00007fff6d4e2000 	C:\Windows\SYSTEM32\dbgcore.DLL
0x00007fff794c0000 - 0x00007fff7953b000 	C:\Windows\System32\bcryptPrimitives.dll
0x00007fff716e0000 - 0x00007fff71706000 	C:\Program Files\Microsoft\jdk-17.0.17.10-hotspot\bin\java.dll
0x00007fff5d900000 - 0x00007fff5d9d6000 	C:\Program Files\Microsoft\jdk-17.0.17.10-hotspot\bin\jsvml.dll
0x00007fff7b740000 - 0x00007fff7bfa9000 	C:\Windows\System32\SHELL32.dll
0x00007fff77290000 - 0x00007fff77b8f000 	C:\Windows\SYSTEM32\windows.storage.dll
0x00007fff77150000 - 0x00007fff7728f000 	C:\Windows\SYSTEM32\wintypes.dll
0x00007fff7b4d0000 - 0x00007fff7b5c9000 	C:\Windows\System32\SHCORE.dll
0x00007fff7a6d0000 - 0x00007fff7a72e000 	C:\Windows\System32\shlwapi.dll
0x00007fff79290000 - 0x00007fff792b7000 	C:\Windows\SYSTEM32\profapi.dll
0x00007fff716c0000 - 0x00007fff716db000 	C:\Program Files\Microsoft\jdk-17.0.17.10-hotspot\bin\net.dll
0x00007fff732c0000 - 0x00007fff733f6000 	C:\Windows\SYSTEM32\WINHTTP.dll
0x00007fff788c0000 - 0x00007fff78929000 	C:\Windows\system32\mswsock.dll
0x00007fff6a5e0000 - 0x00007fff6a5f6000 	C:\Program Files\Microsoft\jdk-17.0.17.10-hotspot\bin\nio.dll
0x00007fff6a5c0000 - 0x00007fff6a5d8000 	C:\Program Files\Microsoft\jdk-17.0.17.10-hotspot\bin\zip.dll
0x00007fff716b0000 - 0x00007fff716be000 	C:\Program Files\Microsoft\jdk-17.0.17.10-hotspot\bin\sunmscapi.dll
0x00007fff79ac0000 - 0x00007fff79c26000 	C:\Windows\System32\CRYPT32.dll
0x00007fff78d00000 - 0x00007fff78d2d000 	C:\Windows\SYSTEM32\ncrypt.dll
0x00007fff78cc0000 - 0x00007fff78cf7000 	C:\Windows\SYSTEM32\NTASN1.dll
0x00007fff78c10000 - 0x00007fff78c2b000 	C:\Windows\SYSTEM32\CRYPTSP.dll
0x00007fff783c0000 - 0x00007fff783f5000 	C:\Windows\system32\rsaenh.dll
0x00007fff78960000 - 0x00007fff78988000 	C:\Windows\SYSTEM32\USERENV.dll
0x00007fff78bf0000 - 0x00007fff78bfc000 	C:\Windows\SYSTEM32\CRYPTBASE.dll
0x00007fff77e60000 - 0x00007fff77e8d000 	C:\Windows\SYSTEM32\IPHLPAPI.DLL
0x00007fff7ab60000 - 0x00007fff7ab69000 	C:\Windows\System32\NSI.dll
0x00007fff73150000 - 0x00007fff73169000 	C:\Windows\SYSTEM32\dhcpcsvc6.DLL
0x00007fff73120000 - 0x00007fff7313f000 	C:\Windows\SYSTEM32\dhcpcsvc.DLL
0x00007fff77ed0000 - 0x00007fff77fd2000 	C:\Windows\SYSTEM32\DNSAPI.dll
0x00007fff6a5b0000 - 0x00007fff6a5ba000 	C:\Program Files\Microsoft\jdk-17.0.17.10-hotspot\bin\management.dll
0x00007fff6a5a0000 - 0x00007fff6a5ac000 	C:\Program Files\Microsoft\jdk-17.0.17.10-hotspot\bin\management_ext.dll
0x00007fff7b210000 - 0x00007fff7b218000 	C:\Windows\System32\PSAPI.DLL
0x00007fff6a590000 - 0x00007fff6a5a0000 	C:\Program Files\Microsoft\jdk-17.0.17.10-hotspot\bin\verify.dll
0x00007fff72190000 - 0x00007fff7219a000 	C:\Windows\System32\rasadhlp.dll
0x00007fff72270000 - 0x00007fff722f3000 	C:\Windows\System32\fwpuclnt.dll
0x00007fff63010000 - 0x00007fff63019000 	C:\Program Files\Microsoft\jdk-17.0.17.10-hotspot\bin\extnet.dll
0x00007ffed3150000 - 0x00007ffed3158000 	C:\Windows\system32\wshunix.dll

dbghelp: loaded successfully - version: 4.0.5 - missing functions: none
symbol engine: initialized successfully - sym options: 0x614 - pdb path: .;C:\Program Files\Microsoft\jdk-17.0.17.10-hotspot\bin;C:\Windows\SYSTEM32;C:\Windows\WinSxS\amd64_microsoft.windows.common-controls_6595b64144ccf1df_6.0.22621.3672_none_2713b9d173822955;C:\Program Files\Microsoft\jdk-17.0.17.10-hotspot\bin\server

VM Arguments:
jvm_args: -XX:+ShowCodeDetailsInExceptionMessages 
java_command: com.hotel.backend.HotelBackendApplication
java_class_path (initial): D:\HocDiThangDauBuoi\TTTN\hotel-backend\target\classes;C:\Users\Anh Viet\.m2\repository\org\springframework\boot\spring-boot-starter-data-jpa\3.2.4\spring-boot-starter-data-jpa-3.2.4.jar;C:\Users\Anh Viet\.m2\repository\org\springframework\boot\spring-boot-starter-aop\3.2.4\spring-boot-starter-aop-3.2.4.jar;C:\Users\Anh Viet\.m2\repository\org\aspectj\aspectjweaver\1.9.21\aspectjweaver-1.9.21.jar;C:\Users\Anh Viet\.m2\repository\org\springframework\boot\spring-boot-starter-jdbc\3.2.4\spring-boot-starter-jdbc-3.2.4.jar;C:\Users\Anh Viet\.m2\repository\com\zaxxer\HikariCP\5.0.1\HikariCP-5.0.1.jar;C:\Users\Anh Viet\.m2\repository\org\springframework\spring-jdbc\6.1.5\spring-jdbc-6.1.5.jar;C:\Users\Anh Viet\.m2\repository\org\hibernate\orm\hibernate-core\6.4.4.Final\hibernate-core-6.4.4.Final.jar;C:\Users\Anh Viet\.m2\repository\jakarta\persistence\jakarta.persistence-api\3.1.0\jakarta.persistence-api-3.1.0.jar;C:\Users\Anh Viet\.m2\repository\jakarta\transaction\jakarta.transaction-api\2.0.1\jakarta.transaction-api-2.0.1.jar;C:\Users\Anh Viet\.m2\repository\org\jboss\logging\jboss-logging\3.5.3.Final\jboss-logging-3.5.3.Final.jar;C:\Users\Anh Viet\.m2\repository\org\hibernate\common\hibernate-commons-annotations\6.0.6.Final\hibernate-commons-annotations-6.0.6.Final.jar;C:\Users\Anh Viet\.m2\repository\io\smallrye\jandex\3.1.2\jandex-3.1.2.jar;C:\Users\Anh Viet\.m2\repository\com\fasterxml\classmate\1.6.0\classmate-1.6.0.jar;C:\Users\Anh Viet\.m2\repository\net\bytebuddy\byte-buddy\1.14.12\byte-buddy-1.14.12.jar;C:\Users\Anh Viet\.m2\repository\org\glassfish\jaxb\jaxb-runtime\4.0.5\jaxb-runtime-4.0.5.jar;C:\Users\Anh Viet\.m2\repository\org\glassfish\jaxb\jaxb-core\4.0.5\jaxb-core-4.0.5.jar;C:\Users\Anh Viet\.m2\repository\org\glassfish\jaxb\txw2\4.0.5\txw2-4.0.5.jar;C:\Users\Anh Viet\.m2\repository\com\sun\istack\istack-commons-runtime\4.1.2\istack-commons-runtime-4.1.2.jar;C:\Users\Anh Viet\.m2\repository\jakarta\inject\jakarta.inject-api\
Launcher Type: SUN_STANDARD

[Global flags]
     intx CICompilerCount                          = 4                                         {product} {ergonomic}
     uint ConcGCThreads                            = 3                                         {product} {ergonomic}
     uint G1ConcRefinementThreads                  = 10                                        {product} {ergonomic}
   size_t G1HeapRegionSize                         = 2097152                                   {product} {ergonomic}
    uintx GCDrainStackTargetSize                   = 64                                        {product} {ergonomic}
   size_t InitialHeapSize                          = 264241152                                 {product} {ergonomic}
   size_t MarkStackSize                            = 4194304                                   {product} {ergonomic}
   size_t MaxHeapSize                              = 4227858432                                {product} {ergonomic}
   size_t MaxNewSize                               = 2535456768                                {product} {ergonomic}
   size_t MinHeapDeltaBytes                        = 2097152                                   {product} {ergonomic}
   size_t MinHeapSize                              = 8388608                                   {product} {ergonomic}
    uintx NonNMethodCodeHeapSize                   = 5839372                                {pd product} {ergonomic}
    uintx NonProfiledCodeHeapSize                  = 122909434                              {pd product} {ergonomic}
    uintx ProfiledCodeHeapSize                     = 122909434                              {pd product} {ergonomic}
    uintx ReservedCodeCacheSize                    = 251658240                              {pd product} {ergonomic}
     bool SegmentedCodeCache                       = true                                      {product} {ergonomic}
     bool ShowCodeDetailsInExceptionMessages       = true                                   {manageable} {command line}
   size_t SoftMaxHeapSize                          = 4227858432                             {manageable} {ergonomic}
     bool UseCompressedClassPointers               = true                           {product lp64_product} {ergonomic}
     bool UseCompressedOops                        = true                           {product lp64_product} {ergonomic}
     bool UseG1GC                                  = true                                      {product} {ergonomic}
     bool UseLargePagesIndividualAllocation        = false                                  {pd product} {ergonomic}

Logging:
Log output configuration:
 #0: stdout all=warning uptime,level,tags
 #1: stderr all=off uptime,level,tags

Environment Variables:
JAVA_HOME=C:\Program Files\Microsoft\jdk-17.0.17.10-hotspot
PATH=C:\Program Files\Common Files\Oracle\Java\javapath;C:\Program Files (x86)\Common Files\Oracle\Java\javapath;C:\Program Files\Microsoft\jdk-17.0.17.10-hotspot\bin;C:\Windows\system32;C:\Windows;C:\Windows\System32\Wbem;C:\Windows\System32\WindowsPowerShell\v1.0\;C:\Windows\System32\OpenSSH\;C:\xampp\php;C:\ProgramData\ComposerSetup\bin;C:\Program Files (x86)\Microsoft SQL Server\160\Tools\Binn\;C:\Program Files\Microsoft SQL Server\160\Tools\Binn\;C:\Program Files\Microsoft SQL Server\Client SDK\ODBC\170\Tools\Binn\;C:\Program Files\Microsoft SQL Server\160\DTS\Binn\;C:\Program Files\Microsoft SQL Server\150\Tools\Binn\;C:\ProgramData\chocolatey\bin;C:\Program Files\nodejs\;C:\Program Files\Microsoft SQL Server\170\Tools\Binn\;C:\Program Files\dotnet\;C:\Program Files (x86)\Windows Kits\10\Windows Performance Toolkit\;C:\Program Files\Git\cmd;C:\Users\Anh Viet\AppData\Local\Microsoft\WindowsApps;C:\Users\Anh Viet\AppData\Local\Programs\Microsoft VS Code\bin;C:\Users\Anh Viet\AppData\Roaming\Composer\vendor\bin;C:\Users\Anh Viet\AppData\Roaming\npm;C:\Users\Anh Viet\.dotnet\tools;C:\Users\Anh Viet\AppData\Local\Programs\Antigravity\bin;c:\Users\Anh Viet\.antigravity\extensions\vscjava.vscode-java-debug-0.59.0-universal\bundled\scripts\noConfigScripts
USERNAME=Anh Viet
LANG=en_US.UTF-8
OS=Windows_NT
PROCESSOR_IDENTIFIER=Intel64 Family 6 Model 141 Stepping 1, GenuineIntel
TMP=C:\Users\ANHVIE~1\AppData\Local\Temp
TEMP=C:\Users\ANHVIE~1\AppData\Local\Temp



Periodic native trim disabled


---------------  S Y S T E M  ---------------

OS:
 Windows 11 , 64 bit Build 22621 (10.0.22621.3958)
OS uptime: 0 days 1:22 hours
Hyper-V role detected

CPU: total 12 (initial active 12) (6 cores per cpu, 2 threads per core) family 6 model 141 stepping 1 microcode 0x50, cx8, cmov, fxsr, ht, mmx, 3dnowpref, sse, sse2, sse3, ssse3, sse4.1, sse4.2, popcnt, lzcnt, tsc, tscinvbit, avx, avx2, aes, erms, clmul, bmi1, bmi2, adx, avx512f, avx512dq, avx512cd, avx512bw, avx512vl, sha, fma, vzeroupper, avx512_vpopcntdq, avx512_vpclmulqdq, avx512_vaes, avx512_vnni, clflush, clflushopt, clwb, avx512_vbmi2, avx512_vbmi, hv
Processor Information for the first 12 processors :
  Max Mhz: 2688, Current Mhz: 2688, Mhz Limit: 2688

Memory: 4k page, system-wide physical 16121M (169M free)
TotalPageFile size 47775M (AvailPageFile size 8M)
current process WorkingSet (physical memory assigned to process): 82M, peak: 637M
current process commit charge ("private bytes"): 727M, peak: 791M

vm_info: OpenJDK 64-Bit Server VM (17.0.17+10-LTS) for windows-amd64 JRE (17.0.17+10-LTS), built on Oct 13 2025 22:19:56 by "MicrosoftCorporation" with unknown MS VC++:1944

END.
